#
# There is insufficient memory for the Java Runtime Environment to continue.
# Native memory allocation (malloc) failed to allocate 1313936 bytes for Chunk::new
# Possible reasons:
#   The system is out of physical RAM or swap space
#   In 32 bit mode, the process size limit was hit
# Possible solutions:
#   Reduce memory load on the system
#   Increase physical memory or swap space
#   Check if swap backing store is full
#   Use 64 bit Java on a 64 bit OS
#   Decrease Java heap size (-Xmx/-Xms)
#   Decrease number of Java threads
#   Decrease Java thread stack sizes (-Xss)
#   Set larger code cache with -XX:ReservedCodeCacheSize=
# This output file may be truncated or incomplete.
#
#  Out of Memory Error (allocation.cpp:390), pid=6604, tid=0x0000000000000fb4
#
# JRE version: OpenJDK Runtime Environment (8.0_152-b01) (build 1.8.0_152-release-1343-b01)
# Java VM: OpenJDK 64-Bit Server VM (25.152-b01 mixed mode windows-amd64 compressed oops)
# Failed to write core dump. Minidumps are not enabled by default on client versions of Windows
#

---------------  T H R E A D  ---------------

Current thread (0x0000000017a1e000):  JavaThread "C2 CompilerThread0" daemon [_thread_in_native, id=4020, stack(0x0000000019080000,0x0000000019180000)]

Stack: [0x0000000019080000,0x0000000019180000]
[error occurred during error reporting (printing stack bounds), id 0xc0000005]

Native frames: (J=compiled Java code, j=interpreted, Vv=VM code, C=native code)


Current CompileTask:
C2:   8577 3795       4       com.sun.beans.TypeResolver::resolve (37 bytes)


---------------  P R O C E S S  ---------------

Java Threads: ( => current thread )
  0x000000001ed83000 JavaThread "Cache worker for Build Output Cleanup Cache (C:\AndroidStudioProjects\DZ_4_3\.gradle\buildOutputCleanup)" [_thread_blocked, id=11208, stack(0x0000000022540000,0x0000000022640000)]
  0x000000001ed84000 JavaThread "Build operations Thread 4" [_thread_blocked, id=17192, stack(0x0000000022040000,0x0000000022140000)]
  0x000000001ed87000 JavaThread "Build operations Thread 3" [_thread_blocked, id=7828, stack(0x0000000021f40000,0x0000000022040000)]
  0x000000001ed88800 JavaThread "Build operations Thread 2" [_thread_blocked, id=16200, stack(0x0000000020bf0000,0x0000000020cf0000)]
  0x000000001ed84800 JavaThread "Build operations" [_thread_blocked, id=2844, stack(0x0000000020850000,0x0000000020950000)]
  0x000000001ed87800 JavaThread "Cache worker for execution history cache (C:\Users\ΠΡΠΊΠ°Ρ€\.gradle\caches\5.1.1\executionHistory)" [_thread_blocked, id=12568, stack(0x0000000020750000,0x0000000020850000)]
  0x000000001abbb000 JavaThread "Cache worker for cache directory md-rule (C:\Users\ΠΡΠΊΠ°Ρ€\.gradle\caches\5.1.1\md-rule)" [_thread_blocked, id=14872, stack(0x0000000020650000,0x0000000020750000)]
  0x000000001abb9800 JavaThread "Cache worker for cache directory md-supplier (C:\Users\ΠΡΠΊΠ°Ρ€\.gradle\caches\5.1.1\md-supplier)" [_thread_blocked, id=17268, stack(0x0000000020550000,0x0000000020650000)]
  0x000000001abb6800 JavaThread "Cache worker for file hash cache (C:\AndroidStudioProjects\DZ_4_3\.gradle\5.1.1\fileHashes)" [_thread_blocked, id=9304, stack(0x000000001e780000,0x000000001e880000)]
  0x000000001abb7000 JavaThread "Cache worker for journal cache (C:\Users\ΠΡΠΊΠ°Ρ€\.gradle\caches\journal-1)" [_thread_blocked, id=80, stack(0x000000001c4e0000,0x000000001c5e0000)]
  0x000000001abee000 JavaThread "File lock request listener" [_thread_in_native, id=12572, stack(0x000000001c3e0000,0x000000001c4e0000)]
  0x000000001abed800 JavaThread "Cache worker for file hash cache (C:\Users\ΠΡΠΊΠ°Ρ€\.gradle\caches\5.1.1\fileHashes)" [_thread_blocked, id=10696, stack(0x000000001c2e0000,0x000000001c3e0000)]
  0x000000001aaee800 JavaThread "Thread-8" [_thread_blocked, id=4268, stack(0x000000001c1e0000,0x000000001c2e0000)]
  0x000000001aaed000 JavaThread "Stdin handler" [_thread_blocked, id=10720, stack(0x000000001c0e0000,0x000000001c1e0000)]
  0x000000001ab54800 JavaThread "Asynchronous log dispatcher for DefaultDaemonConnection: socket connection from /127.0.0.1:54437 to /127.0.0.1:54438" [_thread_blocked, id=1348, stack(0x000000001bfe0000,0x000000001c0e0000)]
  0x000000001aaf0800 JavaThread "Daemon worker" [_thread_in_native, id=1800, stack(0x000000001bee0000,0x000000001bfe0000)]
  0x000000001ab58000 JavaThread "Cancel handler" [_thread_blocked, id=16068, stack(0x000000001bde0000,0x000000001bee0000)]
  0x000000001ab03000 JavaThread "Handler for socket connection from /127.0.0.1:54437 to /127.0.0.1:54438" [_thread_in_native, id=4160, stack(0x000000001bae0000,0x000000001bbe0000)]
  0x000000001aa79000 JavaThread "Daemon" [_thread_blocked, id=7056, stack(0x000000001b9e0000,0x000000001bae0000)]
  0x000000001aa6c000 JavaThread "Daemon periodic checks" [_thread_blocked, id=2700, stack(0x000000001b8e0000,0x000000001b9e0000)]
  0x000000001aa59800 JavaThread "Incoming local TCP Connector on port 54437" [_thread_in_native, id=12196, stack(0x000000001b690000,0x000000001b790000)]
  0x00000000193b3800 JavaThread "Service Thread" daemon [_thread_blocked, id=12992, stack(0x0000000019780000,0x0000000019880000)]
  0x0000000017a26000 JavaThread "C1 CompilerThread2" daemon [_thread_blocked, id=1388, stack(0x0000000019280000,0x0000000019380000)]
  0x0000000017a21800 JavaThread "C2 CompilerThread1" daemon [_thread_in_native, id=10840, stack(0x0000000019180000,0x0000000019280000)]
=>0x0000000017a1e000 JavaThread "C2 CompilerThread0" daemon [_thread_in_native, id=4020, stack(0x0000000019080000,0x0000000019180000)]
  0x0000000017a1d000 JavaThread "Attach Listener" daemon [_thread_blocked, id=17484, stack(0x0000000018f80000,0x0000000019080000)]
  0x0000000017a27800 JavaThread "Signal Dispatcher" daemon [_thread_blocked, id=8376, stack(0x0000000018e80000,0x0000000018f80000)]
  0x0000000002dfc000 JavaThread "Finalizer" daemon [_thread_blocked, id=10212, stack(0x0000000018c80000,0x0000000018d80000)]
  0x0000000002df1000 JavaThread "Reference Handler" daemon [_thread_blocked, id=16208, stack(0x0000000018b80000,0x0000000018c80000)]
  0x0000000002d02800 JavaThread "main" [_thread_blocked, id=3928, stack(0x0000000002c00000,0x0000000002d00000)]

Other Threads:
  0x00000000179e7000 VMThread [stack: 0x0000000018a80000,0x0000000018b80000] [id=7712]
  0x00000000193b4000 WatcherThread [stack: 0x0000000019880000,0x0000000019980000] [id=2000]

VM state:not at safepoint (normal execution)

VM Mutex/Monitor currently owned by a thread: None

Heap:
 PSYoungGen      total 107520K, used 30409K [0x00000000d5580000, 0x00000000dcc00000, 0x0000000100000000)
  eden space 94720K, 18% used [0x00000000d5580000,0x00000000d66b35b0,0x00000000db200000)
  from space 12800K, 99% used [0x00000000db200000,0x00000000dbe7f160,0x00000000dbe80000)
  to   space 11264K, 0% used [0x00000000dbe80000,0x00000000dbe80000,0x00000000dc980000)
 ParOldGen       total 62464K, used 18787K [0x0000000080000000, 0x0000000083d00000, 0x00000000d5580000)
  object space 62464K, 30% used [0x0000000080000000,0x0000000081258db0,0x0000000083d00000)
 Metaspace       used 45188K, capacity 46194K, committed 46376K, reserved 1089536K
  class space    used 6104K, capacity 6382K, committed 6440K, reserved 1048576K

Card table byte_map: [0x00000000121c0000,0x00000000125d0000] byte_map_base: 0x0000000011dc0000

Marking Bits: (ParMarkBitMap*) 0x0000000075d05aa0
 Begin Bits: [0x0000000012c80000, 0x0000000014c80000)
 End Bits:   [0x0000000014c80000, 0x0000000016c80000)

Polling page: 0x00000000013a0000

CodeCache: size=245760Kb used=12629Kb max_used=12629Kb free=233130Kb
 bounds [0x0000000002e00000, 0x0000000003a60000, 0x0000000011e00000]
 total_blobs=4376 nmethods=3621 adapters=668
 compilation: enabled

Compilation events (10 events):
Event: 8.561 Thread 0x0000000017a26000 3878  s    3       sun.nio.fs.WindowsDirectoryStream$WindowsDirectoryIterator::next (48 bytes)
Event: 8.561 Thread 0x0000000017a26000 nmethod 3878 0x0000000003a5c4d0 code [0x0000000003a5c660, 0x0000000003a5caf8]
Event: 8.563 Thread 0x0000000017a26000 3879   !   3       java.nio.file.Files$2::hasNext (23 bytes)
Event: 8.563 Thread 0x0000000017a26000 nmethod 3879 0x0000000003a5cc50 code [0x0000000003a5cde0, 0x0000000003a5d1a8]
Event: 8.565 Thread 0x0000000017a26000 3880       3       java.util.stream.PipelineHelper::<init> (5 bytes)
Event: 8.565 Thread 0x0000000017a26000 nmethod 3880 0x0000000003a5d350 code [0x0000000003a5d4a0, 0x0000000003a5d650]
Event: 8.573 Thread 0x0000000017a26000 3881       1       java.util.stream.ReferencePipeline$StatelessOp::opIsStateful (2 bytes)
Event: 8.573 Thread 0x0000000017a26000 nmethod 3881 0x0000000003a5d710 code [0x0000000003a5d860, 0x0000000003a5d970]
Event: 8.573 Thread 0x0000000017a26000 3882       3       java.util.stream.ReferencePipeline$3$1::accept (23 bytes)
Event: 8.573 Thread 0x0000000017a26000 nmethod 3882 0x0000000003a5d9d0 code [0x0000000003a5db40, 0x0000000003a5de38]

GC Heap History (10 events):
Event: 4.686 GC heap before
{Heap before GC invocations=7 (full 1):
 PSYoungGen      total 71680K, used 66560K [0x00000000d5580000, 0x00000000da080000, 0x0000000100000000)
  eden space 66560K, 100% used [0x00000000d5580000,0x00000000d9680000,0x00000000d9680000)
  from space 5120K, 0% used [0x00000000d9680000,0x00000000d9680000,0x00000000d9b80000)
  to   space 5120K, 0% used [0x00000000d9b80000,0x00000000d9b80000,0x00000000da080000)
 ParOldGen       total 62464K, used 10347K [0x0000000080000000, 0x0000000083d00000, 0x00000000d5580000)
  object space 62464K, 16% used [0x0000000080000000,0x0000000080a1af98,0x0000000083d00000)
 Metaspace       used 28791K, capacity 29242K, committed 29440K, reserved 1075200K
  class space    used 3872K, capacity 4038K, committed 4096K, reserved 1048576K
Event: 4.699 GC heap after
Heap after GC invocations=7 (full 1):
 PSYoungGen      total 65024K, used 5109K [0x00000000d5580000, 0x00000000dd480000, 0x0000000100000000)
  eden space 59904K, 0% used [0x00000000d5580000,0x00000000d5580000,0x00000000d9000000)
  from space 5120K, 99% used [0x00000000d9b80000,0x00000000da07d6a8,0x00000000da080000)
  to   space 11776K, 0% used [0x00000000d9000000,0x00000000d9000000,0x00000000d9b80000)
 ParOldGen       total 62464K, used 13131K [0x0000000080000000, 0x0000000083d00000, 0x00000000d5580000)
  object space 62464K, 21% used [0x0000000080000000,0x0000000080cd2ec8,0x0000000083d00000)
 Metaspace       used 28791K, capacity 29242K, committed 29440K, reserved 1075200K
  class space    used 3872K, capacity 4038K, committed 4096K, reserved 1048576K
}
Event: 5.499 GC heap before
{Heap before GC invocations=8 (full 1):
 PSYoungGen      total 65024K, used 65013K [0x00000000d5580000, 0x00000000dd480000, 0x0000000100000000)
  eden space 59904K, 100% used [0x00000000d5580000,0x00000000d9000000,0x00000000d9000000)
  from space 5120K, 99% used [0x00000000d9b80000,0x00000000da07d6a8,0x00000000da080000)
  to   space 11776K, 0% used [0x00000000d9000000,0x00000000d9000000,0x00000000d9b80000)
 ParOldGen       total 62464K, used 13131K [0x0000000080000000, 0x0000000083d00000, 0x00000000d5580000)
  object space 62464K, 21% used [0x0000000080000000,0x0000000080cd2ec8,0x0000000083d00000)
 Metaspace       used 31541K, capacity 32124K, committed 32256K, reserved 1077248K
  class space    used 4352K, capacity 4526K, committed 4608K, reserved 1048576K
Event: 5.515 GC heap after
Heap after GC invocations=8 (full 1):
 PSYoungGen      total 71680K, used 7958K [0x00000000d5580000, 0x00000000dc980000, 0x0000000100000000)
  eden space 59904K, 0% used [0x00000000d5580000,0x00000000d5580000,0x00000000d9000000)
  from space 11776K, 67% used [0x00000000d9000000,0x00000000d97c5a08,0x00000000d9b80000)
  to   space 11264K, 0% used [0x00000000dbe80000,0x00000000dbe80000,0x00000000dc980000)
 ParOldGen       total 62464K, used 13139K [0x0000000080000000, 0x0000000083d00000, 0x00000000d5580000)
  object space 62464K, 21% used [0x0000000080000000,0x0000000080cd4ec8,0x0000000083d00000)
 Metaspace       used 31541K, capacity 32124K, committed 32256K, reserved 1077248K
  class space    used 4352K, capacity 4526K, committed 4608K, reserved 1048576K
}
Event: 6.569 GC heap before
{Heap before GC invocations=9 (full 1):
 PSYoungGen      total 71680K, used 63869K [0x00000000d5580000, 0x00000000dc980000, 0x0000000100000000)
  eden space 59904K, 93% used [0x00000000d5580000,0x00000000d8c19af0,0x00000000d9000000)
  from space 11776K, 67% used [0x00000000d9000000,0x00000000d97c5a08,0x00000000d9b80000)
  to   space 11264K, 0% used [0x00000000dbe80000,0x00000000dbe80000,0x00000000dc980000)
 ParOldGen       total 62464K, used 13139K [0x0000000080000000, 0x0000000083d00000, 0x00000000d5580000)
  object space 62464K, 21% used [0x0000000080000000,0x0000000080cd4ec8,0x0000000083d00000)
 Metaspace       used 34782K, capacity 35460K, committed 35496K, reserved 1079296K
  class space    used 4807K, capacity 5001K, committed 5032K, reserved 1048576K
Event: 6.588 GC heap after
Heap after GC invocations=9 (full 1):
 PSYoungGen      total 105984K, used 11235K [0x00000000d5580000, 0x00000000dcc00000, 0x0000000100000000)
  eden space 94720K, 0% used [0x00000000d5580000,0x00000000d5580000,0x00000000db200000)
  from space 11264K, 99% used [0x00000000dbe80000,0x00000000dc978d88,0x00000000dc980000)
  to   space 12800K, 0% used [0x00000000db200000,0x00000000db200000,0x00000000dbe80000)
 ParOldGen       total 62464K, used 13367K [0x0000000080000000, 0x0000000083d00000, 0x00000000d5580000)
  object space 62464K, 21% used [0x0000000080000000,0x0000000080d0def0,0x0000000083d00000)
 Metaspace       used 34782K, capacity 35460K, committed 35496K, reserved 1079296K
  class space    used 4807K, capacity 5001K, committed 5032K, reserved 1048576K
}
Event: 6.588 GC heap before
{Heap before GC invocations=10 (full 2):
 PSYoungGen      total 105984K, used 11235K [0x00000000d5580000, 0x00000000dcc00000, 0x0000000100000000)
  eden space 94720K, 0% used [0x00000000d5580000,0x00000000d5580000,0x00000000db200000)
  from space 11264K, 99% used [0x00000000dbe80000,0x00000000dc978d88,0x00000000dc980000)
  to   space 12800K, 0% used [0x00000000db200000,0x00000000db200000,0x00000000dbe80000)
 ParOldGen       total 62464K, used 13367K [0x0000000080000000, 0x0000000083d00000, 0x00000000d5580000)
  object space 62464K, 21% used [0x0000000080000000,0x0000000080d0def0,0x0000000083d00000)
 Metaspace       used 34782K, capacity 35460K, committed 35496K, reserved 1079296K
  class space    used 4807K, capacity 5001K, committed 5032K, reserved 1048576K
Event: 6.690 GC heap after
Heap after GC invocations=10 (full 2):
 PSYoungGen      total 105984K, used 0K [0x00000000d5580000, 0x00000000dcc00000, 0x0000000100000000)
  eden space 94720K, 0% used [0x00000000d5580000,0x00000000d5580000,0x00000000db200000)
  from space 11264K, 0% used [0x00000000dbe80000,0x00000000dbe80000,0x00000000dc980000)
  to   space 12800K, 0% used [0x00000000db200000,0x00000000db200000,0x00000000dbe80000)
 ParOldGen       total 62464K, used 18339K [0x0000000080000000, 0x0000000083d00000, 0x00000000d5580000)
  object space 62464K, 29% used [0x0000000080000000,0x00000000811e8e90,0x0000000083d00000)
 Metaspace       used 34774K, capacity 35430K, committed 35496K, reserved 1079296K
  class space    used 4804K, capacity 4996K, committed 5032K, reserved 1048576K
}
Event: 8.211 GC heap before
{Heap before GC invocations=11 (full 2):
 PSYoungGen      total 105984K, used 94720K [0x00000000d5580000, 0x00000000dcc00000, 0x0000000100000000)
  eden space 94720K, 100% used [0x00000000d5580000,0x00000000db200000,0x00000000db200000)
  from space 11264K, 0% used [0x00000000dbe80000,0x00000000dbe80000,0x00000000dc980000)
  to   space 12800K, 0% used [0x00000000db200000,0x00000000db200000,0x00000000dbe80000)
 ParOldGen       total 62464K, used 18339K [0x0000000080000000, 0x0000000083d00000, 0x00000000d5580000)
  object space 62464K, 29% used [0x0000000080000000,0x00000000811e8e90,0x0000000083d00000)
 Metaspace       used 44267K, capacity 45284K, committed 45480K, reserved 1089536K
  class space    used 5962K, capacity 6212K, committed 6312K, reserved 1048576K
Event: 8.234 GC heap after
Heap after GC invocations=11 (full 2):
 PSYoungGen      total 107520K, used 12796K [0x00000000d5580000, 0x00000000dcc00000, 0x0000000100000000)
  eden space 94720K, 0% used [0x00000000d5580000,0x00000000d5580000,0x00000000db200000)
  from space 12800K, 99% used [0x00000000db200000,0x00000000dbe7f160,0x00000000dbe80000)
  to   space 11264K, 0% used [0x00000000dbe80000,0x00000000dbe80000,0x00000000dc980000)
 ParOldGen       total 62464K, used 18787K [0x0000000080000000, 0x0000000083d00000, 0x00000000d5580000)
  object space 62464K, 30% used [0x0000000080000000,0x0000000081258db0,0x0000000083d00000)
 Metaspace       used 44267K, capacity 45284K, committed 45480K, reserved 1089536K
  class space    used 5962K, capacity 6212K, committed 6312K, reserved 1048576K
}

Deoptimization events (10 events):
Event: 5.399 Thread 0x000000001aaf0800 Uncommon trap: reason=unstable_if action=reinterpret pc=0x0000000003641d90 method=java.net.URI.match(CJJ)Z @ 45
Event: 6.774 Thread 0x000000001aaf0800 Uncommon trap: reason=unstable_if action=reinterpret pc=0x0000000003912380 method=jdk.internal.org.objectweb.asm.Type.getArgumentsAndReturnSizes(Ljava/lang/String;)I @ 47
Event: 7.210 Thread 0x000000001aaf0800 Uncommon trap: reason=unstable_if action=reinterpret pc=0x0000000003889ca8 method=java.lang.ThreadLocal.get()Ljava/lang/Object; @ 11
Event: 7.236 Thread 0x000000001aaf0800 Uncommon trap: reason=unstable_if action=reinterpret pc=0x00000000032d0f7c method=java.lang.CharacterDataLatin1.isWhitespace(I)Z @ 14
Event: 7.339 Thread 0x000000001aaf0800 Uncommon trap: reason=unstable_if action=reinterpret pc=0x00000000038a47d0 method=java.util.jar.JarFile.getInputStream(Ljava/util/zip/ZipEntry;)Ljava/io/InputStream; @ 37
Event: 7.346 Thread 0x000000001aaf0800 Uncommon trap: reason=unstable_if action=reinterpret pc=0x00000000038de5f8 method=java.util.jar.JarFile$JarFileEntry.getCodeSigners()[Ljava/security/CodeSigner; @ 24
Event: 7.349 Thread 0x000000001aaf0800 Uncommon trap: reason=unstable_if action=reinterpret pc=0x00000000033f19ec method=java.security.CodeSource.getCertificates()[Ljava/security/cert/Certificate; @ 22
Event: 7.386 Thread 0x000000001aaf0800 Uncommon trap: reason=unstable_if action=reinterpret pc=0x00000000038c9834 method=java.util.LinkedHashMap.get(Ljava/lang/Object;)Ljava/lang/Object; @ 20
Event: 7.490 Thread 0x000000001aaf0800 Uncommon trap: reason=unstable_if action=reinterpret pc=0x0000000003728a2c method=org.objectweb.asm.ByteVector.putUTF8(Ljava/lang/String;)Lorg/objectweb/asm/ByteVector; @ 93
Event: 7.492 Thread 0x000000001aaf0800 Uncommon trap: reason=range_check action=make_not_entrant pc=0x00000000033acdb8 method=java.lang.String.charAt(I)C @ 27

Classes redefined (0 events):
No events

Internal exceptions (10 events):
Event: 8.573 Thread 0x000000001aaf0800 Exception <a 'sun/nio/fs/WindowsException'> (0x00000000d6546f30) thrown at [D:\src\AOSP-openjdk-cygwin\jdk8u\hotspot\src\share\vm\prims\jni.cpp, line 709]
Event: 8.573 Thread 0x000000001aaf0800 Exception <a 'sun/nio/fs/WindowsException'> (0x00000000d6548fe8) thrown at [D:\src\AOSP-openjdk-cygwin\jdk8u\hotspot\src\share\vm\prims\jni.cpp, line 709]
Event: 8.573 Thread 0x000000001aaf0800 Exception <a 'sun/nio/fs/WindowsException'> (0x00000000d6549eb0) thrown at [D:\src\AOSP-openjdk-cygwin\jdk8u\hotspot\src\share\vm\prims\jni.cpp, line 709]
Event: 8.574 Thread 0x000000001aaf0800 Exception <a 'sun/nio/fs/WindowsException'> (0x00000000d654f1d0) thrown at [D:\src\AOSP-openjdk-cygwin\jdk8u\hotspot\src\share\vm\prims\jni.cpp, line 709]
Event: 8.574 Thread 0x000000001aaf0800 Exception <a 'sun/nio/fs/WindowsException'> (0x00000000d654fe30) thrown at [D:\src\AOSP-openjdk-cygwin\jdk8u\hotspot\src\share\vm\prims\jni.cpp, line 709]
Event: 8.574 Thread 0x000000001aaf0800 Exception <a 'sun/nio/fs/WindowsException'> (0x00000000d6551e98) thrown at [D:\src\AOSP-openjdk-cygwin\jdk8u\hotspot\src\share\vm\prims\jni.cpp, line 709]
Event: 8.574 Thread 0x000000001aaf0800 Exception <a 'sun/nio/fs/WindowsException'> (0x00000000d6552d20) thrown at [D:\src\AOSP-openjdk-cygwin\jdk8u\hotspot\src\share\vm\prims\jni.cpp, line 709]
Event: 8.575 Thread 0x000000001aaf0800 Exception <a 'sun/nio/fs/WindowsException'> (0x00000000d6556b78) thrown at [D:\src\AOSP-openjdk-cygwin\jdk8u\hotspot\src\share\vm\prims\jni.cpp, line 709]
Event: 8.575 Thread 0x000000001aaf0800 Exception <a 'sun/nio/fs/WindowsException'> (0x00000000d65577d0) thrown at [D:\src\AOSP-openjdk-cygwin\jdk8u\hotspot\src\share\vm\prims\jni.cpp, line 709]
Event: 8.575 Thread 0x000000001aaf0800 Exception <a 'sun/nio/fs/WindowsException'> (0x00000000d6559838) thrown at [D:\src\AOSP-openjdk-cygwin\jdk8u\hotspot\src\share\vm\prims\jni.cpp, line 709]

Events (10 events):
Event: 8.423 loading class java/util/stream/Node$OfDouble done
Event: 8.423 loading class java/util/stream/Nodes$EmptyNode$OfDouble done
Event: 8.423 loading class java/util/stream/Nodes$SpinedNodeBuilder
Event: 8.423 loading class java/util/stream/Node$Builder
Event: 8.423 loading class java/util/stream/Node$Builder done
Event: 8.423 loading class java/util/stream/SpinedBuffer
Event: 8.424 loading class java/util/stream/AbstractSpinedBuffer
Event: 8.424 loading class java/util/stream/AbstractSpinedBuffer done
Event: 8.424 loading class java/util/stream/SpinedBuffer done
Event: 8.424 loading class java/util/stream/Nodes$SpinedNodeBuilder done


Dynamic libraries:
0x00007ff726380000 - 0x00007ff7263b1000 	D:\Program Files\Android\Android Studio\jre\bin\java.exe
0x00007ffa28870000 - 0x00007ffa28a5d000 	C:\WINDOWS\SYSTEM32\ntdll.dll
0x00007ffa28310000 - 0x00007ffa283c3000 	C:\WINDOWS\System32\KERNEL32.DLL
0x00007ffa24e30000 - 0x00007ffa250c3000 	C:\WINDOWS\System32\KERNELBASE.dll
0x00007ffa26420000 - 0x00007ffa264c3000 	C:\WINDOWS\System32\ADVAPI32.dll
0x00007ffa25c80000 - 0x00007ffa25d1e000 	C:\WINDOWS\System32\msvcrt.dll
0x00007ffa25d90000 - 0x00007ffa25e2e000 	C:\WINDOWS\System32\sechost.dll
0x00007ffa25aa0000 - 0x00007ffa25bc2000 	C:\WINDOWS\System32\RPCRT4.dll
0x00007ffa283d0000 - 0x00007ffa28567000 	C:\WINDOWS\System32\USER32.dll
0x00007ffa25100000 - 0x00007ffa25120000 	C:\WINDOWS\System32\win32u.dll
0x00007ffa263e0000 - 0x00007ffa26409000 	C:\WINDOWS\System32\GDI32.dll
0x00007ffa24940000 - 0x00007ffa24ad9000 	C:\WINDOWS\System32\gdi32full.dll
0x00007ffa24d90000 - 0x00007ffa24e30000 	C:\WINDOWS\System32\msvcp_win.dll
0x00007ffa24b90000 - 0x00007ffa24c8a000 	C:\WINDOWS\System32\ucrtbase.dll
0x00007ffa0bdf0000 - 0x00007ffa0c069000 	C:\WINDOWS\WinSxS\amd64_microsoft.windows.common-controls_6595b64144ccf1df_6.0.17763.615_none_05b4414a072024d4\COMCTL32.dll
0x00007ffa27fe0000 - 0x00007ffa2830c000 	C:\WINDOWS\System32\combase.dll
0x00007ffa24cb0000 - 0x00007ffa24d2e000 	C:\WINDOWS\System32\bcryptPrimitives.dll
0x00007ffa28580000 - 0x00007ffa285ae000 	C:\WINDOWS\System32\IMM32.DLL
0x0000000050730000 - 0x0000000050802000 	D:\Program Files\Android\Android Studio\jre\jre\bin\msvcr100.dll
0x0000000075540000 - 0x0000000075d81000 	D:\Program Files\Android\Android Studio\jre\jre\bin\server\jvm.dll
0x00007ffa28570000 - 0x00007ffa28578000 	C:\WINDOWS\System32\PSAPI.DLL
0x00007ffa1d140000 - 0x00007ffa1d164000 	C:\WINDOWS\SYSTEM32\WINMM.dll
0x00007ffa1e940000 - 0x00007ffa1e94a000 	C:\WINDOWS\SYSTEM32\VERSION.dll
0x00007ffa0aa30000 - 0x00007ffa0aa39000 	C:\WINDOWS\SYSTEM32\WSOCK32.dll
0x00007ffa26370000 - 0x00007ffa263dd000 	C:\WINDOWS\System32\WS2_32.dll
0x00007ffa1d060000 - 0x00007ffa1d08d000 	C:\WINDOWS\SYSTEM32\WINMMBASE.dll
0x00007ffa25120000 - 0x00007ffa2516a000 	C:\WINDOWS\System32\cfgmgr32.dll
0x00007ffa1c9f0000 - 0x00007ffa1c9ff000 	D:\Program Files\Android\Android Studio\jre\jre\bin\verify.dll
0x00007ffa15b20000 - 0x00007ffa15b49000 	D:\Program Files\Android\Android Studio\jre\jre\bin\java.dll
0x00007ffa1c800000 - 0x00007ffa1c816000 	D:\Program Files\Android\Android Studio\jre\jre\bin\zip.dll
0x00007ffa266a0000 - 0x00007ffa27b90000 	C:\WINDOWS\System32\SHELL32.dll
0x00007ffa25bd0000 - 0x00007ffa25c78000 	C:\WINDOWS\System32\shcore.dll
0x00007ffa25170000 - 0x00007ffa258ba000 	C:\WINDOWS\System32\windows.storage.dll
0x00007ffa24870000 - 0x00007ffa24894000 	C:\WINDOWS\System32\profapi.dll
0x00007ffa248c0000 - 0x00007ffa2491d000 	C:\WINDOWS\System32\powrprof.dll
0x00007ffa25e90000 - 0x00007ffa25ee2000 	C:\WINDOWS\System32\shlwapi.dll
0x00007ffa24920000 - 0x00007ffa24931000 	C:\WINDOWS\System32\kernel.appcore.dll
0x00007ffa24c90000 - 0x00007ffa24ca7000 	C:\WINDOWS\System32\cryptsp.dll
0x00007ffa159f0000 - 0x00007ffa15a0a000 	D:\Program Files\Android\Android Studio\jre\jre\bin\net.dll
0x00007ffa24080000 - 0x00007ffa240e7000 	C:\WINDOWS\system32\mswsock.dll
0x00007ffa157f0000 - 0x00007ffa15801000 	D:\Program Files\Android\Android Studio\jre\jre\bin\nio.dll
0x00007ffa20b00000 - 0x00007ffa20b1e000 	C:\Users\ΐρκΰπ\.gradle\native\25\windows-amd64\native-platform.dll
0x00007ffa1c910000 - 0x00007ffa1c91d000 	D:\Program Files\Android\Android Studio\jre\jre\bin\management.dll
0x00007ffa23c40000 - 0x00007ffa23c73000 	C:\WINDOWS\system32\rsaenh.dll
0x00007ffa250d0000 - 0x00007ffa250f6000 	C:\WINDOWS\System32\bcrypt.dll
0x00007ffa24770000 - 0x00007ffa24798000 	C:\WINDOWS\SYSTEM32\USERENV.dll
0x00007ffa24250000 - 0x00007ffa2425c000 	C:\WINDOWS\SYSTEM32\CRYPTBASE.dll
0x00007ffa23de0000 - 0x00007ffa23e1d000 	C:\WINDOWS\SYSTEM32\IPHLPAPI.DLL
0x00007ffa26410000 - 0x00007ffa26418000 	C:\WINDOWS\System32\NSI.dll
0x00007ffa1f0d0000 - 0x00007ffa1f0e6000 	C:\WINDOWS\SYSTEM32\dhcpcsvc6.DLL
0x00007ffa1f0b0000 - 0x00007ffa1f0cc000 	C:\WINDOWS\SYSTEM32\dhcpcsvc.DLL
0x00007ffa23e20000 - 0x00007ffa23ee6000 	C:\WINDOWS\SYSTEM32\DNSAPI.dll

VM Arguments:
jvm_args: -Xmx2048m -Dfile.encoding=windows-1251 -Duser.country=RU -Duser.language=ru -Duser.variant 
java_command: org.gradle.launcher.daemon.bootstrap.GradleDaemon 5.1.1
java_class_path (initial): C:\Users\ΐρκΰπ\.gradle\wrapper\dists\gradle-5.1.1-all\97z1ksx6lirer3kbvdnh7jtjg\gradle-5.1.1\lib\gradle-launcher-5.1.1.jar
Launcher Type: SUN_STANDARD

Environment Variables:
CLASSPATH=C:\MyJava
PATH=C:\Program Files (x86)\NVIDIA Corporation\PhysX\Common;c:\program files (x86)\common files\oracle\java\javapath;c:\program files\microsoft hpc pack 2008 sdk\bin\;c:\windows\system32;c:\windows;c:\windows\system32\wbem;c:\windows\system32\windowspowershell\v1.0\;c:\program files\microsoft sql server\client sdk\odbc\130\tools\binn\;c:\program files (x86)\microsoft sql server\140\tools\binn\;c:\program files\microsoft sql server\140\tools\binn\;c:\program files\microsoft sql server\140\dts\binn\;c:\program files (x86)\microsoft sql server\client sdk\odbc\130\tools\binn\;c:\program files (x86)\microsoft sql server\140\dts\binn\;c:\program files (x86)\microsoft sql server\140\tools\binn\managementstudio\;c:\program files\dotnet\;c:\program files\microsoft sql server\130\tools\binn\;c:\windows\system32\openssh\;c:\program files (x86)\microsoft sql server\110\dts\binn\;c:\program files (x86)\microsoft sql server\120\dts\binn\;c:\program files (x86)\microsoft sql server\130\dts\binn\;c:\program files (x86)\microsoft sql server\150\dts\binn\;c:\programdata\chocolatey\bin;c:\program files\java\jdk-11.0.2\bin\;C:\Program Files (x86)\MySQL\MySQL Utilities 1.4\;C:\Program Files (x86)\MySQL\MySQL Utilities 1.4\Doctrine extensions for PHP\;d:\Program Files\Git\cmd;C:\Users\ΐρκΰπ\AppData\Local\Microsoft\WindowsApps;C:\Program Files\JetBrains\IntelliJ IDEA 2018.3.5\bin;;C:\Program Files\Java\jdk-11.0.2\bin
USERNAME=ΐρκΰπ
OS=Windows_NT
PROCESSOR_IDENTIFIER=Intel64 Family 6 Model 23 Stepping 6, GenuineIntel



---------------  S Y S T E M  ---------------

OS: Windows 10.0 , 64 bit Build 17763 (10.0.17763.475)

CPU:total 4 (initial active 4) (4 cores per cpu, 1 threads per core) family 6 model 23 stepping 6, cmov, cx8, fxsr, mmx, sse, sse2, sse3, ssse3, sse4.1, tsc

Memory: 4k page, physical 8387052k(468252k free), swap 16579052k(5224k free)

vm_info: OpenJDK 64-Bit Server VM (25.152-b01) for windows-amd64 JRE (1.8.0_152-release-1343-b01), built by "builder" with MS VC++ 10.0 (VS2010)

time: Wed Jul 31 15:26:40 2019
elapsed time: 8 seconds (0d 0h 0m 8s)

