#
# There is insufficient memory for the Java Runtime Environment to continue.
# Native memory allocation (malloc) failed to allocate 1538416 bytes for Chunk::new
# Possible reasons:
#   The system is out of physical RAM or swap space
#   In 32 bit mode, the process size limit was hit
# Possible solutions:
#   Reduce memory load on the system
#   Increase physical memory or swap space
#   Check if swap backing store is full
#   Use 64 bit Java on a 64 bit OS
#   Decrease Java heap size (-Xmx/-Xms)
#   Decrease number of Java threads
#   Decrease Java thread stack sizes (-Xss)
#   Set larger code cache with -XX:ReservedCodeCacheSize=
# This output file may be truncated or incomplete.
#
#  Out of Memory Error (allocation.cpp:390), pid=11328, tid=0x00000000000035b8
#
# JRE version: OpenJDK Runtime Environment (8.0_152-b01) (build 1.8.0_152-release-1343-b01)
# Java VM: OpenJDK 64-Bit Server VM (25.152-b01 mixed mode windows-amd64 compressed oops)
# Failed to write core dump. Minidumps are not enabled by default on client versions of Windows
#

---------------  T H R E A D  ---------------

Current thread (0x00000000179af000):  JavaThread "C2 CompilerThread0" daemon [_thread_in_native, id=13752, stack(0x0000000019010000,0x0000000019110000)]

Stack: [0x0000000019010000,0x0000000019110000]
[error occurred during error reporting (printing stack bounds), id 0xc0000005]

Native frames: (J=compiled Java code, j=interpreted, Vv=VM code, C=native code)


Current CompileTask:
C2:   9475 3796   !   4       com.sun.beans.TypeResolver::resolve (274 bytes)


---------------  P R O C E S S  ---------------

Java Threads: ( => current thread )
  0x000000001b03a000 JavaThread "Cache worker for Build Output Cleanup Cache (C:\AndroidStudioProjects\DZ_4_3\.gradle\buildOutputCleanup)" [_thread_blocked, id=11720, stack(0x00000000214a0000,0x00000000215a0000)]
  0x000000001b037000 JavaThread "Build operations Thread 4" [_thread_blocked, id=9276, stack(0x0000000020fa0000,0x00000000210a0000)]
  0x000000001b039800 JavaThread "Build operations Thread 3" [_thread_blocked, id=15912, stack(0x0000000020ea0000,0x0000000020fa0000)]
  0x000000001b038800 JavaThread "Build operations Thread 2" [_thread_blocked, id=10828, stack(0x0000000020da0000,0x0000000020ea0000)]
  0x000000001b035800 JavaThread "Build operations" [_thread_blocked, id=8496, stack(0x0000000020a60000,0x0000000020b60000)]
  0x000000001b038000 JavaThread "Cache worker for execution history cache (C:\Users\ΠΡΠΊΠ°Ρ€\.gradle\caches\5.1.1\executionHistory)" [_thread_blocked, id=1412, stack(0x0000000020760000,0x0000000020860000)]
  0x000000001abe6800 JavaThread "Cache worker for cache directory md-rule (C:\Users\ΠΡΠΊΠ°Ρ€\.gradle\caches\5.1.1\md-rule)" [_thread_blocked, id=10936, stack(0x0000000020660000,0x0000000020760000)]
  0x000000001abe5800 JavaThread "Cache worker for cache directory md-supplier (C:\Users\ΠΡΠΊΠ°Ρ€\.gradle\caches\5.1.1\md-supplier)" [_thread_blocked, id=7196, stack(0x0000000020560000,0x0000000020660000)]
  0x000000001abe5000 JavaThread "Cache worker for file hash cache (C:\AndroidStudioProjects\DZ_4_3\.gradle\5.1.1\fileHashes)" [_thread_blocked, id=14256, stack(0x000000001e890000,0x000000001e990000)]
  0x000000001abe8000 JavaThread "Cache worker for journal cache (C:\Users\ΠΡΠΊΠ°Ρ€\.gradle\caches\journal-1)" [_thread_blocked, id=332, stack(0x000000001c470000,0x000000001c570000)]
  0x000000001abaa800 JavaThread "File lock request listener" [_thread_in_native, id=14156, stack(0x000000001c370000,0x000000001c470000)]
  0x000000001abaa000 JavaThread "Cache worker for file hash cache (C:\Users\ΠΡΠΊΠ°Ρ€\.gradle\caches\5.1.1\fileHashes)" [_thread_blocked, id=8152, stack(0x000000001c270000,0x000000001c370000)]
  0x000000001aa13800 JavaThread "Thread-8" [_thread_blocked, id=18036, stack(0x000000001c170000,0x000000001c270000)]
  0x000000001aa0a000 JavaThread "Stdin handler" [_thread_blocked, id=1404, stack(0x000000001c070000,0x000000001c170000)]
  0x000000001aa09800 JavaThread "Asynchronous log dispatcher for DefaultDaemonConnection: socket connection from /127.0.0.1:54410 to /127.0.0.1:54411" [_thread_blocked, id=8464, stack(0x000000001bf70000,0x000000001c070000)]
  0x000000001aa29800 JavaThread "Daemon worker" [_thread_in_native, id=13244, stack(0x000000001be70000,0x000000001bf70000)]
  0x000000001aa2d000 JavaThread "Cancel handler" [_thread_blocked, id=5136, stack(0x000000001bd70000,0x000000001be70000)]
  0x000000001a9e5800 JavaThread "Handler for socket connection from /127.0.0.1:54410 to /127.0.0.1:54411" [_thread_in_native, id=16204, stack(0x000000001ba70000,0x000000001bb70000)]
  0x000000001a9e1000 JavaThread "Daemon" [_thread_blocked, id=12420, stack(0x000000001b970000,0x000000001ba70000)]
  0x000000001a9d5000 JavaThread "Daemon periodic checks" [_thread_blocked, id=15788, stack(0x000000001b870000,0x000000001b970000)]
  0x000000001a9b2000 JavaThread "Incoming local TCP Connector on port 54410" [_thread_in_native, id=13748, stack(0x000000001b620000,0x000000001b720000)]
  0x0000000017a0e800 JavaThread "Service Thread" daemon [_thread_blocked, id=17916, stack(0x0000000019710000,0x0000000019810000)]
  0x00000000179c6800 JavaThread "C1 CompilerThread2" daemon [_thread_blocked, id=15712, stack(0x0000000019210000,0x0000000019310000)]
  0x00000000179b2000 JavaThread "C2 CompilerThread1" daemon [_thread_in_native, id=8968, stack(0x0000000019110000,0x0000000019210000)]
=>0x00000000179af000 JavaThread "C2 CompilerThread0" daemon [_thread_in_native, id=13752, stack(0x0000000019010000,0x0000000019110000)]
  0x00000000179ae000 JavaThread "Attach Listener" daemon [_thread_blocked, id=4220, stack(0x0000000018f10000,0x0000000019010000)]
  0x00000000179b6800 JavaThread "Signal Dispatcher" daemon [_thread_blocked, id=16092, stack(0x0000000018e10000,0x0000000018f10000)]
  0x0000000002cdc000 JavaThread "Finalizer" daemon [_thread_blocked, id=15896, stack(0x0000000018c10000,0x0000000018d10000)]
  0x0000000002cd1000 JavaThread "Reference Handler" daemon [_thread_blocked, id=18280, stack(0x0000000018b10000,0x0000000018c10000)]
  0x0000000002be2800 JavaThread "main" [_thread_blocked, id=18120, stack(0x00000000012f0000,0x00000000013f0000)]

Other Threads:
  0x0000000017977000 VMThread [stack: 0x0000000018a10000,0x0000000018b10000] [id=1960]
  0x000000001933e000 WatcherThread [stack: 0x0000000019810000,0x0000000019910000] [id=17340]

VM state:not at safepoint (normal execution)

VM Mutex/Monitor currently owned by a thread: None

Heap:
 PSYoungGen      total 107008K, used 28597K [0x00000000d5580000, 0x00000000dcb80000, 0x0000000100000000)
  eden space 94208K, 16% used [0x00000000d5580000,0x00000000d64f3828,0x00000000db180000)
  from space 12800K, 99% used [0x00000000db180000,0x00000000dbdf9db8,0x00000000dbe00000)
  to   space 11264K, 0% used [0x00000000dbe00000,0x00000000dbe00000,0x00000000dc900000)
 ParOldGen       total 61952K, used 18861K [0x0000000080000000, 0x0000000083c80000, 0x00000000d5580000)
  object space 61952K, 30% used [0x0000000080000000,0x000000008126b6f0,0x0000000083c80000)
 Metaspace       used 45156K, capacity 46194K, committed 46376K, reserved 1089536K
  class space    used 6107K, capacity 6382K, committed 6440K, reserved 1048576K

Card table byte_map: [0x0000000012150000,0x0000000012560000] byte_map_base: 0x0000000011d50000

Marking Bits: (ParMarkBitMap*) 0x0000000075d05aa0
 Begin Bits: [0x0000000012c10000, 0x0000000014c10000)
 End Bits:   [0x0000000014c10000, 0x0000000016c10000)

Polling page: 0x0000000000df0000

CodeCache: size=245760Kb used=12202Kb max_used=12418Kb free=233557Kb
 bounds [0x0000000002d90000, 0x00000000039c0000, 0x0000000011d90000]
 total_blobs=4284 nmethods=3530 adapters=668
 compilation: enabled

Compilation events (10 events):
Event: 9.434 Thread 0x00000000179c6800 3855       3       sun.nio.fs.WindowsPath::toWindowsPath (32 bytes)
Event: 9.434 Thread 0x00000000179c6800 nmethod 3855 0x000000000358be50 code [0x000000000358bfe0, 0x000000000358c498]
Event: 9.441 Thread 0x00000000179c6800 3856       1       java.util.stream.AbstractPipeline::getStreamAndOpFlags (5 bytes)
Event: 9.441 Thread 0x00000000179c6800 nmethod 3856 0x0000000003011110 code [0x0000000003011260, 0x0000000003011370]
Event: 9.441 Thread 0x00000000179c6800 3857       3       sun.nio.fs.WindowsDirectoryStream::access$400 (5 bytes)
Event: 9.441 Thread 0x00000000179c6800 nmethod 3857 0x0000000003372e10 code [0x0000000003372f60, 0x0000000003373090]
Event: 9.454 Thread 0x00000000179c6800 3859       3       sun.nio.fs.NativeBuffer::setOwner (6 bytes)
Event: 9.454 Thread 0x00000000179c6800 nmethod 3859 0x000000000322e610 code [0x000000000322e760, 0x000000000322e8d0]
Event: 9.454 Thread 0x00000000179c6800 3860       3       sun.nio.fs.NativeBuffers::releaseNativeBuffer (103 bytes)
Event: 9.455 Thread 0x00000000179c6800 nmethod 3860 0x00000000039b5790 code [0x00000000039b5a80, 0x00000000039b6df8]

GC Heap History (10 events):
Event: 5.010 GC heap before
{Heap before GC invocations=7 (full 1):
 PSYoungGen      total 71680K, used 66560K [0x00000000d5580000, 0x00000000da080000, 0x0000000100000000)
  eden space 66560K, 100% used [0x00000000d5580000,0x00000000d9680000,0x00000000d9680000)
  from space 5120K, 0% used [0x00000000d9680000,0x00000000d9680000,0x00000000d9b80000)
  to   space 5120K, 0% used [0x00000000d9b80000,0x00000000d9b80000,0x00000000da080000)
 ParOldGen       total 61952K, used 10291K [0x0000000080000000, 0x0000000083c80000, 0x00000000d5580000)
  object space 61952K, 16% used [0x0000000080000000,0x0000000080a0ccc8,0x0000000083c80000)
 Metaspace       used 28787K, capacity 29306K, committed 29440K, reserved 1075200K
  class space    used 3875K, capacity 4038K, committed 4096K, reserved 1048576K
Event: 5.022 GC heap after
Heap after GC invocations=7 (full 1):
 PSYoungGen      total 65024K, used 5113K [0x00000000d5580000, 0x00000000dd480000, 0x0000000100000000)
  eden space 59904K, 0% used [0x00000000d5580000,0x00000000d5580000,0x00000000d9000000)
  from space 5120K, 99% used [0x00000000d9b80000,0x00000000da07e6c8,0x00000000da080000)
  to   space 11776K, 0% used [0x00000000d9000000,0x00000000d9000000,0x00000000d9b80000)
 ParOldGen       total 61952K, used 13159K [0x0000000080000000, 0x0000000083c80000, 0x00000000d5580000)
  object space 61952K, 21% used [0x0000000080000000,0x0000000080cd9d90,0x0000000083c80000)
 Metaspace       used 28787K, capacity 29306K, committed 29440K, reserved 1075200K
  class space    used 3875K, capacity 4038K, committed 4096K, reserved 1048576K
}
Event: 5.800 GC heap before
{Heap before GC invocations=8 (full 1):
 PSYoungGen      total 65024K, used 65017K [0x00000000d5580000, 0x00000000dd480000, 0x0000000100000000)
  eden space 59904K, 100% used [0x00000000d5580000,0x00000000d9000000,0x00000000d9000000)
  from space 5120K, 99% used [0x00000000d9b80000,0x00000000da07e6c8,0x00000000da080000)
  to   space 11776K, 0% used [0x00000000d9000000,0x00000000d9000000,0x00000000d9b80000)
 ParOldGen       total 61952K, used 13159K [0x0000000080000000, 0x0000000083c80000, 0x00000000d5580000)
  object space 61952K, 21% used [0x0000000080000000,0x0000000080cd9d90,0x0000000083c80000)
 Metaspace       used 31562K, capacity 32124K, committed 32256K, reserved 1077248K
  class space    used 4356K, capacity 4526K, committed 4608K, reserved 1048576K
Event: 5.813 GC heap after
Heap after GC invocations=8 (full 1):
 PSYoungGen      total 71680K, used 7993K [0x00000000d5580000, 0x00000000dc900000, 0x0000000100000000)
  eden space 59904K, 0% used [0x00000000d5580000,0x00000000d5580000,0x00000000d9000000)
  from space 11776K, 67% used [0x00000000d9000000,0x00000000d97ce6d8,0x00000000d9b80000)
  to   space 11264K, 0% used [0x00000000dbe00000,0x00000000dbe00000,0x00000000dc900000)
 ParOldGen       total 61952K, used 13167K [0x0000000080000000, 0x0000000083c80000, 0x00000000d5580000)
  object space 61952K, 21% used [0x0000000080000000,0x0000000080cdbd90,0x0000000083c80000)
 Metaspace       used 31562K, capacity 32124K, committed 32256K, reserved 1077248K
  class space    used 4356K, capacity 4526K, committed 4608K, reserved 1048576K
}
Event: 7.271 GC heap before
{Heap before GC invocations=9 (full 1):
 PSYoungGen      total 71680K, used 64622K [0x00000000d5580000, 0x00000000dc900000, 0x0000000100000000)
  eden space 59904K, 94% used [0x00000000d5580000,0x00000000d8ccd4b0,0x00000000d9000000)
  from space 11776K, 67% used [0x00000000d9000000,0x00000000d97ce6d8,0x00000000d9b80000)
  to   space 11264K, 0% used [0x00000000dbe00000,0x00000000dbe00000,0x00000000dc900000)
 ParOldGen       total 61952K, used 13167K [0x0000000080000000, 0x0000000083c80000, 0x00000000d5580000)
  object space 61952K, 21% used [0x0000000080000000,0x0000000080cdbd90,0x0000000083c80000)
 Metaspace       used 34799K, capacity 35428K, committed 35496K, reserved 1079296K
  class space    used 4812K, capacity 4995K, committed 5032K, reserved 1048576K
Event: 7.296 GC heap after
Heap after GC invocations=9 (full 1):
 PSYoungGen      total 105472K, used 11262K [0x00000000d5580000, 0x00000000dcb80000, 0x0000000100000000)
  eden space 94208K, 0% used [0x00000000d5580000,0x00000000d5580000,0x00000000db180000)
  from space 11264K, 99% used [0x00000000dbe00000,0x00000000dc8ff888,0x00000000dc900000)
  to   space 12800K, 0% used [0x00000000db180000,0x00000000db180000,0x00000000dbe00000)
 ParOldGen       total 61952K, used 13379K [0x0000000080000000, 0x0000000083c80000, 0x00000000d5580000)
  object space 61952K, 21% used [0x0000000080000000,0x0000000080d10ed8,0x0000000083c80000)
 Metaspace       used 34799K, capacity 35428K, committed 35496K, reserved 1079296K
  class space    used 4812K, capacity 4995K, committed 5032K, reserved 1048576K
}
Event: 7.296 GC heap before
{Heap before GC invocations=10 (full 2):
 PSYoungGen      total 105472K, used 11262K [0x00000000d5580000, 0x00000000dcb80000, 0x0000000100000000)
  eden space 94208K, 0% used [0x00000000d5580000,0x00000000d5580000,0x00000000db180000)
  from space 11264K, 99% used [0x00000000dbe00000,0x00000000dc8ff888,0x00000000dc900000)
  to   space 12800K, 0% used [0x00000000db180000,0x00000000db180000,0x00000000dbe00000)
 ParOldGen       total 61952K, used 13379K [0x0000000080000000, 0x0000000083c80000, 0x00000000d5580000)
  object space 61952K, 21% used [0x0000000080000000,0x0000000080d10ed8,0x0000000083c80000)
 Metaspace       used 34799K, capacity 35428K, committed 35496K, reserved 1079296K
  class space    used 4812K, capacity 4995K, committed 5032K, reserved 1048576K
Event: 7.403 GC heap after
Heap after GC invocations=10 (full 2):
 PSYoungGen      total 105472K, used 0K [0x00000000d5580000, 0x00000000dcb80000, 0x0000000100000000)
  eden space 94208K, 0% used [0x00000000d5580000,0x00000000d5580000,0x00000000db180000)
  from space 11264K, 0% used [0x00000000dbe00000,0x00000000dbe00000,0x00000000dc900000)
  to   space 12800K, 0% used [0x00000000db180000,0x00000000db180000,0x00000000dbe00000)
 ParOldGen       total 61952K, used 18362K [0x0000000080000000, 0x0000000083c80000, 0x00000000d5580000)
  object space 61952K, 29% used [0x0000000080000000,0x00000000811eea50,0x0000000083c80000)
 Metaspace       used 34799K, capacity 35428K, committed 35496K, reserved 1079296K
  class space    used 4812K, capacity 4995K, committed 5032K, reserved 1048576K
}
Event: 9.037 GC heap before
{Heap before GC invocations=11 (full 2):
 PSYoungGen      total 105472K, used 94208K [0x00000000d5580000, 0x00000000dcb80000, 0x0000000100000000)
  eden space 94208K, 100% used [0x00000000d5580000,0x00000000db180000,0x00000000db180000)
  from space 11264K, 0% used [0x00000000dbe00000,0x00000000dbe00000,0x00000000dc900000)
  to   space 12800K, 0% used [0x00000000db180000,0x00000000db180000,0x00000000dbe00000)
 ParOldGen       total 61952K, used 18362K [0x0000000080000000, 0x0000000083c80000, 0x00000000d5580000)
  object space 61952K, 29% used [0x0000000080000000,0x00000000811eea50,0x0000000083c80000)
 Metaspace       used 44272K, capacity 45292K, committed 45480K, reserved 1089536K
  class space    used 5964K, capacity 6212K, committed 6312K, reserved 1048576K
Event: 9.061 GC heap after
Heap after GC invocations=11 (full 2):
 PSYoungGen      total 107008K, used 12775K [0x00000000d5580000, 0x00000000dcb80000, 0x0000000100000000)
  eden space 94208K, 0% used [0x00000000d5580000,0x00000000d5580000,0x00000000db180000)
  from space 12800K, 99% used [0x00000000db180000,0x00000000dbdf9db8,0x00000000dbe00000)
  to   space 11264K, 0% used [0x00000000dbe00000,0x00000000dbe00000,0x00000000dc900000)
 ParOldGen       total 61952K, used 18861K [0x0000000080000000, 0x0000000083c80000, 0x00000000d5580000)
  object space 61952K, 30% used [0x0000000080000000,0x000000008126b6f0,0x0000000083c80000)
 Metaspace       used 44272K, capacity 45292K, committed 45480K, reserved 1089536K
  class space    used 5964K, capacity 6212K, committed 6312K, reserved 1048576K
}

Deoptimization events (10 events):
Event: 8.167 Thread 0x000000001aa29800 Uncommon trap: reason=unstable_if action=reinterpret pc=0x0000000002ec36a8 method=java.lang.ThreadLocal.get()Ljava/lang/Object; @ 11
Event: 8.212 Thread 0x000000001aa29800 Uncommon trap: reason=unstable_if action=reinterpret pc=0x000000000369c6c4 method=java.util.HashMap.putVal(ILjava/lang/Object;Ljava/lang/Object;ZZ)Ljava/lang/Object; @ 236
Event: 8.246 Thread 0x000000001aa29800 Uncommon trap: reason=unstable_if action=reinterpret pc=0x000000000326fe7c method=java.lang.CharacterDataLatin1.isWhitespace(I)Z @ 14
Event: 8.319 Thread 0x000000001aa29800 Uncommon trap: reason=unstable_if action=reinterpret pc=0x000000000327f210 method=java.util.jar.JarFile.getInputStream(Ljava/util/zip/ZipEntry;)Ljava/io/InputStream; @ 37
Event: 8.324 Thread 0x000000001aa29800 Uncommon trap: reason=unstable_if action=reinterpret pc=0x0000000002fee198 method=java.util.jar.JarFile$JarFileEntry.getCodeSigners()[Ljava/security/CodeSigner; @ 24
Event: 8.327 Thread 0x000000001aa29800 Uncommon trap: reason=unstable_if action=reinterpret pc=0x000000000338eaac method=java.security.CodeSource.getCertificates()[Ljava/security/cert/Certificate; @ 22
Event: 8.327 Thread 0x000000001aa29800 Uncommon trap: reason=unstable_if action=reinterpret pc=0x0000000002feef38 method=java.util.jar.JarFile$JarFileEntry.getCodeSigners()[Ljava/security/CodeSigner; @ 24
Event: 8.327 Thread 0x000000001aa29800 Uncommon trap: reason=unstable_if action=reinterpret pc=0x00000000037b958c method=java.security.CodeSource.matchCerts(Ljava/security/CodeSource;Z)Z @ 11
Event: 8.352 Thread 0x000000001aa29800 Uncommon trap: reason=unstable_if action=reinterpret pc=0x000000000383e034 method=java.util.LinkedHashMap.get(Ljava/lang/Object;)Ljava/lang/Object; @ 20
Event: 8.426 Thread 0x000000001aa29800 Uncommon trap: reason=unstable_if action=reinterpret pc=0x000000000363212c method=org.objectweb.asm.ByteVector.putUTF8(Ljava/lang/String;)Lorg/objectweb/asm/ByteVector; @ 93

Classes redefined (0 events):
No events

Internal exceptions (10 events):
Event: 9.439 Thread 0x000000001aa29800 Exception <a 'sun/nio/fs/WindowsException'> (0x00000000d64d3b78) thrown at [D:\src\AOSP-openjdk-cygwin\jdk8u\hotspot\src\share\vm\prims\jni.cpp, line 709]
Event: 9.439 Thread 0x000000001aa29800 Exception <a 'sun/nio/fs/WindowsException'> (0x00000000d64d47d8) thrown at [D:\src\AOSP-openjdk-cygwin\jdk8u\hotspot\src\share\vm\prims\jni.cpp, line 709]
Event: 9.440 Thread 0x000000001aa29800 Exception <a 'sun/nio/fs/WindowsException'> (0x00000000d64d7a58) thrown at [D:\src\AOSP-openjdk-cygwin\jdk8u\hotspot\src\share\vm\prims\jni.cpp, line 709]
Event: 9.440 Thread 0x000000001aa29800 Exception <a 'sun/nio/fs/WindowsException'> (0x00000000d64d8670) thrown at [D:\src\AOSP-openjdk-cygwin\jdk8u\hotspot\src\share\vm\prims\jni.cpp, line 709]
Event: 9.440 Thread 0x000000001aa29800 Exception <a 'sun/nio/fs/WindowsException'> (0x00000000d64da688) thrown at [D:\src\AOSP-openjdk-cygwin\jdk8u\hotspot\src\share\vm\prims\jni.cpp, line 709]
Event: 9.440 Thread 0x000000001aa29800 Exception <a 'sun/nio/fs/WindowsException'> (0x00000000d64db2e0) thrown at [D:\src\AOSP-openjdk-cygwin\jdk8u\hotspot\src\share\vm\prims\jni.cpp, line 709]
Event: 9.453 Thread 0x000000001aa29800 Exception <a 'sun/nio/fs/WindowsException'> (0x00000000d64de958) thrown at [D:\src\AOSP-openjdk-cygwin\jdk8u\hotspot\src\share\vm\prims\jni.cpp, line 709]
Event: 9.453 Thread 0x000000001aa29800 Exception <a 'sun/nio/fs/WindowsException'> (0x00000000d64df600) thrown at [D:\src\AOSP-openjdk-cygwin\jdk8u\hotspot\src\share\vm\prims\jni.cpp, line 709]
Event: 9.454 Thread 0x000000001aa29800 Exception <a 'sun/nio/fs/WindowsException'> (0x00000000d64e16b8) thrown at [D:\src\AOSP-openjdk-cygwin\jdk8u\hotspot\src\share\vm\prims\jni.cpp, line 709]
Event: 9.454 Thread 0x000000001aa29800 Exception <a 'sun/nio/fs/WindowsException'> (0x00000000d64e2398) thrown at [D:\src\AOSP-openjdk-cygwin\jdk8u\hotspot\src\share\vm\prims\jni.cpp, line 709]

Events (10 events):
Event: 9.258 loading class java/util/stream/Node$OfDouble done
Event: 9.258 loading class java/util/stream/Nodes$EmptyNode$OfDouble done
Event: 9.258 loading class java/util/stream/Nodes$SpinedNodeBuilder
Event: 9.258 loading class java/util/stream/Node$Builder
Event: 9.258 loading class java/util/stream/Node$Builder done
Event: 9.258 loading class java/util/stream/SpinedBuffer
Event: 9.259 loading class java/util/stream/AbstractSpinedBuffer
Event: 9.259 loading class java/util/stream/AbstractSpinedBuffer done
Event: 9.259 loading class java/util/stream/SpinedBuffer done
Event: 9.259 loading class java/util/stream/Nodes$SpinedNodeBuilder done


Dynamic libraries:
0x00007ff726380000 - 0x00007ff7263b1000 	D:\Program Files\Android\Android Studio\jre\bin\java.exe
0x00007ffa28870000 - 0x00007ffa28a5d000 	C:\WINDOWS\SYSTEM32\ntdll.dll
0x00007ffa28310000 - 0x00007ffa283c3000 	C:\WINDOWS\System32\KERNEL32.DLL
0x00007ffa24e30000 - 0x00007ffa250c3000 	C:\WINDOWS\System32\KERNELBASE.dll
0x00007ffa26420000 - 0x00007ffa264c3000 	C:\WINDOWS\System32\ADVAPI32.dll
0x00007ffa25c80000 - 0x00007ffa25d1e000 	C:\WINDOWS\System32\msvcrt.dll
0x00007ffa25d90000 - 0x00007ffa25e2e000 	C:\WINDOWS\System32\sechost.dll
0x00007ffa25aa0000 - 0x00007ffa25bc2000 	C:\WINDOWS\System32\RPCRT4.dll
0x00007ffa283d0000 - 0x00007ffa28567000 	C:\WINDOWS\System32\USER32.dll
0x00007ffa25100000 - 0x00007ffa25120000 	C:\WINDOWS\System32\win32u.dll
0x00007ffa263e0000 - 0x00007ffa26409000 	C:\WINDOWS\System32\GDI32.dll
0x00007ffa24940000 - 0x00007ffa24ad9000 	C:\WINDOWS\System32\gdi32full.dll
0x00007ffa24d90000 - 0x00007ffa24e30000 	C:\WINDOWS\System32\msvcp_win.dll
0x00007ffa24b90000 - 0x00007ffa24c8a000 	C:\WINDOWS\System32\ucrtbase.dll
0x00007ffa0bdf0000 - 0x00007ffa0c069000 	C:\WINDOWS\WinSxS\amd64_microsoft.windows.common-controls_6595b64144ccf1df_6.0.17763.615_none_05b4414a072024d4\COMCTL32.dll
0x00007ffa27fe0000 - 0x00007ffa2830c000 	C:\WINDOWS\System32\combase.dll
0x00007ffa24cb0000 - 0x00007ffa24d2e000 	C:\WINDOWS\System32\bcryptPrimitives.dll
0x00007ffa28580000 - 0x00007ffa285ae000 	C:\WINDOWS\System32\IMM32.DLL
0x0000000050730000 - 0x0000000050802000 	D:\Program Files\Android\Android Studio\jre\jre\bin\msvcr100.dll
0x0000000075540000 - 0x0000000075d81000 	D:\Program Files\Android\Android Studio\jre\jre\bin\server\jvm.dll
0x00007ffa28570000 - 0x00007ffa28578000 	C:\WINDOWS\System32\PSAPI.DLL
0x00007ffa1d140000 - 0x00007ffa1d164000 	C:\WINDOWS\SYSTEM32\WINMM.dll
0x00007ffa1e940000 - 0x00007ffa1e94a000 	C:\WINDOWS\SYSTEM32\VERSION.dll
0x00007ffa0aa30000 - 0x00007ffa0aa39000 	C:\WINDOWS\SYSTEM32\WSOCK32.dll
0x00007ffa1d060000 - 0x00007ffa1d08d000 	C:\WINDOWS\SYSTEM32\WINMMBASE.dll
0x00007ffa25120000 - 0x00007ffa2516a000 	C:\WINDOWS\System32\cfgmgr32.dll
0x00007ffa26370000 - 0x00007ffa263dd000 	C:\WINDOWS\System32\WS2_32.dll
0x00007ffa1c9f0000 - 0x00007ffa1c9ff000 	D:\Program Files\Android\Android Studio\jre\jre\bin\verify.dll
0x00007ffa15b20000 - 0x00007ffa15b49000 	D:\Program Files\Android\Android Studio\jre\jre\bin\java.dll
0x00007ffa1c800000 - 0x00007ffa1c816000 	D:\Program Files\Android\Android Studio\jre\jre\bin\zip.dll
0x00007ffa266a0000 - 0x00007ffa27b90000 	C:\WINDOWS\System32\SHELL32.dll
0x00007ffa25bd0000 - 0x00007ffa25c78000 	C:\WINDOWS\System32\shcore.dll
0x00007ffa25170000 - 0x00007ffa258ba000 	C:\WINDOWS\System32\windows.storage.dll
0x00007ffa24870000 - 0x00007ffa24894000 	C:\WINDOWS\System32\profapi.dll
0x00007ffa248c0000 - 0x00007ffa2491d000 	C:\WINDOWS\System32\powrprof.dll
0x00007ffa25e90000 - 0x00007ffa25ee2000 	C:\WINDOWS\System32\shlwapi.dll
0x00007ffa24920000 - 0x00007ffa24931000 	C:\WINDOWS\System32\kernel.appcore.dll
0x00007ffa24c90000 - 0x00007ffa24ca7000 	C:\WINDOWS\System32\cryptsp.dll
0x00007ffa159f0000 - 0x00007ffa15a0a000 	D:\Program Files\Android\Android Studio\jre\jre\bin\net.dll
0x00007ffa24080000 - 0x00007ffa240e7000 	C:\WINDOWS\system32\mswsock.dll
0x00007ffa157f0000 - 0x00007ffa15801000 	D:\Program Files\Android\Android Studio\jre\jre\bin\nio.dll
0x00007ffa20b00000 - 0x00007ffa20b1e000 	C:\Users\ΐρκΰπ\.gradle\native\25\windows-amd64\native-platform.dll
0x00007ffa1c910000 - 0x00007ffa1c91d000 	D:\Program Files\Android\Android Studio\jre\jre\bin\management.dll
0x00007ffa23c40000 - 0x00007ffa23c73000 	C:\WINDOWS\system32\rsaenh.dll
0x00007ffa250d0000 - 0x00007ffa250f6000 	C:\WINDOWS\System32\bcrypt.dll
0x00007ffa24770000 - 0x00007ffa24798000 	C:\WINDOWS\SYSTEM32\USERENV.dll
0x00007ffa24250000 - 0x00007ffa2425c000 	C:\WINDOWS\SYSTEM32\CRYPTBASE.dll
0x00007ffa23de0000 - 0x00007ffa23e1d000 	C:\WINDOWS\SYSTEM32\IPHLPAPI.DLL
0x00007ffa26410000 - 0x00007ffa26418000 	C:\WINDOWS\System32\NSI.dll
0x00007ffa1f0d0000 - 0x00007ffa1f0e6000 	C:\WINDOWS\SYSTEM32\dhcpcsvc6.DLL
0x00007ffa1f0b0000 - 0x00007ffa1f0cc000 	C:\WINDOWS\SYSTEM32\dhcpcsvc.DLL
0x00007ffa23e20000 - 0x00007ffa23ee6000 	C:\WINDOWS\SYSTEM32\DNSAPI.dll

VM Arguments:
jvm_args: -Xmx2048m -Dfile.encoding=windows-1251 -Duser.country=RU -Duser.language=ru -Duser.variant 
java_command: org.gradle.launcher.daemon.bootstrap.GradleDaemon 5.1.1
java_class_path (initial): C:\Users\ΐρκΰπ\.gradle\wrapper\dists\gradle-5.1.1-all\97z1ksx6lirer3kbvdnh7jtjg\gradle-5.1.1\lib\gradle-launcher-5.1.1.jar
Launcher Type: SUN_STANDARD

Environment Variables:
CLASSPATH=C:\MyJava
PATH=C:\Program Files (x86)\NVIDIA Corporation\PhysX\Common;c:\program files (x86)\common files\oracle\java\javapath;c:\program files\microsoft hpc pack 2008 sdk\bin\;c:\windows\system32;c:\windows;c:\windows\system32\wbem;c:\windows\system32\windowspowershell\v1.0\;c:\program files\microsoft sql server\client sdk\odbc\130\tools\binn\;c:\program files (x86)\microsoft sql server\140\tools\binn\;c:\program files\microsoft sql server\140\tools\binn\;c:\program files\microsoft sql server\140\dts\binn\;c:\program files (x86)\microsoft sql server\client sdk\odbc\130\tools\binn\;c:\program files (x86)\microsoft sql server\140\dts\binn\;c:\program files (x86)\microsoft sql server\140\tools\binn\managementstudio\;c:\program files\dotnet\;c:\program files\microsoft sql server\130\tools\binn\;c:\windows\system32\openssh\;c:\program files (x86)\microsoft sql server\110\dts\binn\;c:\program files (x86)\microsoft sql server\120\dts\binn\;c:\program files (x86)\microsoft sql server\130\dts\binn\;c:\program files (x86)\microsoft sql server\150\dts\binn\;c:\programdata\chocolatey\bin;c:\program files\java\jdk-11.0.2\bin\;C:\Program Files (x86)\MySQL\MySQL Utilities 1.4\;C:\Program Files (x86)\MySQL\MySQL Utilities 1.4\Doctrine extensions for PHP\;d:\Program Files\Git\cmd;C:\Users\ΐρκΰπ\AppData\Local\Microsoft\WindowsApps;C:\Program Files\JetBrains\IntelliJ IDEA 2018.3.5\bin;;C:\Program Files\Java\jdk-11.0.2\bin
USERNAME=ΐρκΰπ
OS=Windows_NT
PROCESSOR_IDENTIFIER=Intel64 Family 6 Model 23 Stepping 6, GenuineIntel



---------------  S Y S T E M  ---------------

OS: Windows 10.0 , 64 bit Build 17763 (10.0.17763.475)

CPU:total 4 (initial active 4) (4 cores per cpu, 1 threads per core) family 6 model 23 stepping 6, cmov, cx8, fxsr, mmx, sse, sse2, sse3, ssse3, sse4.1, tsc

Memory: 4k page, physical 8387052k(539636k free), swap 16579052k(7460k free)

vm_info: OpenJDK 64-Bit Server VM (25.152-b01) for windows-amd64 JRE (1.8.0_152-release-1343-b01), built by "builder" with MS VC++ 10.0 (VS2010)

time: Wed Jul 31 15:25:24 2019
elapsed time: 9 seconds (0d 0h 0m 9s)

