#
# There is insufficient memory for the Java Runtime Environment to continue.
# Native memory allocation (malloc) failed to allocate 471616 bytes for Chunk::new
# Possible reasons:
#   The system is out of physical RAM or swap space
#   In 32 bit mode, the process size limit was hit
# Possible solutions:
#   Reduce memory load on the system
#   Increase physical memory or swap space
#   Check if swap backing store is full
#   Use 64 bit Java on a 64 bit OS
#   Decrease Java heap size (-Xmx/-Xms)
#   Decrease number of Java threads
#   Decrease Java thread stack sizes (-Xss)
#   Set larger code cache with -XX:ReservedCodeCacheSize=
# This output file may be truncated or incomplete.
#
#  Out of Memory Error (allocation.cpp:390), pid=8908, tid=0x0000000000003be0
#
# JRE version: OpenJDK Runtime Environment (8.0_152-b01) (build 1.8.0_152-release-1343-b01)
# Java VM: OpenJDK 64-Bit Server VM (25.152-b01 mixed mode windows-amd64 compressed oops)
# Failed to write core dump. Minidumps are not enabled by default on client versions of Windows
#

---------------  T H R E A D  ---------------

Current thread (0x000000001725d800):  JavaThread "C2 CompilerThread0" daemon [_thread_in_native, id=15328, stack(0x00000000188e0000,0x00000000189e0000)]

Stack: [0x00000000188e0000,0x00000000189e0000]
[error occurred during error reporting (printing stack bounds), id 0xc0000005]

Native frames: (J=compiled Java code, j=interpreted, Vv=VM code, C=native code)


Current CompileTask:
C2:   7248 3370       4       org.objectweb.asm.Frame::execute (2318 bytes)


---------------  P R O C E S S  ---------------

Java Threads: ( => current thread )
  0x000000001e754000 JavaThread "Cache worker for Build Output Cleanup Cache (C:\AndroidStudioProjects\DZ_4_3\.gradle\buildOutputCleanup)" [_thread_blocked, id=12588, stack(0x0000000021e90000,0x0000000021f90000)]
  0x000000001e755800 JavaThread "Build operations Thread 4" [_thread_blocked, id=15316, stack(0x0000000021990000,0x0000000021a90000)]
  0x000000001e75a000 JavaThread "Build operations Thread 3" [_thread_blocked, id=7596, stack(0x0000000021890000,0x0000000021990000)]
  0x000000001e759000 JavaThread "Build operations Thread 2" [_thread_blocked, id=1076, stack(0x0000000021790000,0x0000000021890000)]
  0x000000001e756000 JavaThread "Build operations" [_thread_blocked, id=14696, stack(0x0000000020120000,0x0000000020220000)]
  0x000000001e758800 JavaThread "Cache worker for execution history cache (C:\Users\ΠΡΠΊΠ°Ρ€\.gradle\caches\5.1.1\executionHistory)" [_thread_blocked, id=15848, stack(0x0000000020020000,0x0000000020120000)]
  0x000000001a3f6000 JavaThread "Cache worker for cache directory md-rule (C:\Users\ΠΡΠΊΠ°Ρ€\.gradle\caches\5.1.1\md-rule)" [_thread_blocked, id=1436, stack(0x000000001ff20000,0x0000000020020000)]
  0x000000001a3fc800 JavaThread "Cache worker for cache directory md-supplier (C:\Users\ΠΡΠΊΠ°Ρ€\.gradle\caches\5.1.1\md-supplier)" [_thread_blocked, id=15048, stack(0x000000001f1b0000,0x000000001f2b0000)]
  0x000000001a3f9000 JavaThread "Cache worker for file hash cache (C:\AndroidStudioProjects\DZ_4_3\.gradle\5.1.1\fileHashes)" [_thread_blocked, id=10580, stack(0x000000001dfe0000,0x000000001e0e0000)]
  0x000000001a3f7800 JavaThread "Cache worker for journal cache (C:\Users\ΠΡΠΊΠ°Ρ€\.gradle\caches\journal-1)" [_thread_blocked, id=15516, stack(0x000000001bd40000,0x000000001be40000)]
  0x000000001a4b9000 JavaThread "File lock request listener" [_thread_in_native, id=12896, stack(0x000000001bc40000,0x000000001bd40000)]
  0x000000001a4fd000 JavaThread "Cache worker for file hash cache (C:\Users\ΠΡΠΊΠ°Ρ€\.gradle\caches\5.1.1\fileHashes)" [_thread_blocked, id=14604, stack(0x000000001bb40000,0x000000001bc40000)]
  0x000000001a3b7000 JavaThread "Thread-8" [_thread_blocked, id=3432, stack(0x000000001ba40000,0x000000001bb40000)]
  0x000000001a3c1800 JavaThread "Stdin handler" [_thread_blocked, id=14288, stack(0x000000001b940000,0x000000001ba40000)]
  0x000000001a3c0800 JavaThread "Asynchronous log dispatcher for DefaultDaemonConnection: socket connection from /127.0.0.1:54423 to /127.0.0.1:54424" [_thread_blocked, id=3848, stack(0x000000001b840000,0x000000001b940000)]
  0x000000001a3aa000 JavaThread "Daemon worker" [_thread_in_Java, id=3604, stack(0x000000001b740000,0x000000001b840000)]
  0x000000001a2fe800 JavaThread "Cancel handler" [_thread_blocked, id=12768, stack(0x000000001b640000,0x000000001b740000)]
  0x000000001a39b000 JavaThread "Handler for socket connection from /127.0.0.1:54423 to /127.0.0.1:54424" [_thread_in_native, id=10964, stack(0x000000001b340000,0x000000001b440000)]
  0x000000001a316000 JavaThread "Daemon" [_thread_blocked, id=11004, stack(0x000000001b240000,0x000000001b340000)]
  0x000000001a2d3800 JavaThread "Daemon periodic checks" [_thread_blocked, id=16376, stack(0x000000001b140000,0x000000001b240000)]
  0x000000001a2b0000 JavaThread "Incoming local TCP Connector on port 54423" [_thread_in_native, id=8656, stack(0x000000001aef0000,0x000000001aff0000)]
  0x0000000018c0c000 JavaThread "Service Thread" daemon [_thread_blocked, id=14824, stack(0x0000000018fe0000,0x00000000190e0000)]
  0x0000000017265000 JavaThread "C1 CompilerThread2" daemon [_thread_blocked, id=17500, stack(0x0000000018ae0000,0x0000000018be0000)]
  0x0000000017260800 JavaThread "C2 CompilerThread1" daemon [_thread_in_native, id=17568, stack(0x00000000189e0000,0x0000000018ae0000)]
=>0x000000001725d800 JavaThread "C2 CompilerThread0" daemon [_thread_in_native, id=15328, stack(0x00000000188e0000,0x00000000189e0000)]
  0x000000001725c800 JavaThread "Attach Listener" daemon [_thread_blocked, id=12192, stack(0x00000000187e0000,0x00000000188e0000)]
  0x000000001725b800 JavaThread "Signal Dispatcher" daemon [_thread_blocked, id=8484, stack(0x00000000186e0000,0x00000000187e0000)]
  0x000000000263d800 JavaThread "Finalizer" daemon [_thread_blocked, id=6052, stack(0x00000000184e0000,0x00000000185e0000)]
  0x0000000017228000 JavaThread "Reference Handler" daemon [_thread_blocked, id=12952, stack(0x00000000183e0000,0x00000000184e0000)]
  0x0000000002542800 JavaThread "main" [_thread_blocked, id=11124, stack(0x0000000002440000,0x0000000002540000)]

Other Threads:
  0x0000000017227000 VMThread [stack: 0x00000000182e0000,0x00000000183e0000] [id=17088]
  0x0000000018c0c800 WatcherThread [stack: 0x00000000190e0000,0x00000000191e0000] [id=15244]

VM state:not at safepoint (normal execution)

VM Mutex/Monitor currently owned by a thread: None

Heap:
 PSYoungGen      total 104960K, used 30300K [0x00000000d5580000, 0x00000000dcb80000, 0x0000000100000000)
  eden space 93696K, 32% used [0x00000000d5580000,0x00000000d73171d8,0x00000000db100000)
  from space 11264K, 0% used [0x00000000dbd80000,0x00000000dbd80000,0x00000000dc880000)
  to   space 12800K, 0% used [0x00000000db100000,0x00000000db100000,0x00000000dbd80000)
 ParOldGen       total 97280K, used 18315K [0x0000000080000000, 0x0000000085f00000, 0x00000000d5580000)
  object space 97280K, 18% used [0x0000000080000000,0x00000000811e2cf8,0x0000000085f00000)
 Metaspace       used 39602K, capacity 40510K, committed 40744K, reserved 1085440K
  class space    used 5408K, capacity 5661K, committed 5672K, reserved 1048576K

Card table byte_map: [0x0000000011a00000,0x0000000011e10000] byte_map_base: 0x0000000011600000

Marking Bits: (ParMarkBitMap*) 0x0000000075d05aa0
 Begin Bits: [0x00000000124c0000, 0x00000000144c0000)
 End Bits:   [0x00000000144c0000, 0x00000000164c0000)

Polling page: 0x00000000001f0000

CodeCache: size=245760Kb used=10738Kb max_used=10738Kb free=235021Kb
 bounds [0x0000000002640000, 0x00000000030d0000, 0x0000000011640000]
 total_blobs=3846 nmethods=3121 adapters=639
 compilation: enabled

Compilation events (10 events):
Event: 7.234 Thread 0x0000000017265000 nmethod 3372 0x00000000030b6f50 code [0x00000000030b7120, 0x00000000030b7848]
Event: 7.234 Thread 0x0000000017265000 3373       3       java.util.regex.Matcher::appendReplacement (571 bytes)
Event: 7.239 Thread 0x0000000017265000 nmethod 3373 0x00000000030bdc90 code [0x00000000030be400, 0x00000000030c3ef8]
Event: 7.239 Thread 0x0000000017265000 3374  s    3       java.lang.StringBuffer::append (13 bytes)
Event: 7.239 Thread 0x0000000017265000 nmethod 3374 0x00000000030b9750 code [0x00000000030b98c0, 0x00000000030b9be8]
Event: 7.239 Thread 0x0000000017265000 3375       1       org.apache.commons.collections.map.AbstractReferenceMap::access$000 (5 bytes)
Event: 7.239 Thread 0x0000000017265000 nmethod 3375 0x00000000030ba210 code [0x00000000030ba360, 0x00000000030ba450]
Event: 7.240 Thread 0x0000000017260800 3376       4       java.lang.ClassLoader::checkPackageAccess (122 bytes)
Event: 7.241 Thread 0x0000000017265000 3377       1       org.gradle.api.internal.collections.AbstractIterationOrderRetainingElementSource$Element::isRealized (5 bytes)
Event: 7.241 Thread 0x0000000017265000 nmethod 3377 0x00000000030b9490 code [0x00000000030b95e0, 0x00000000030b96f0]

GC Heap History (10 events):
Event: 3.786 GC heap before
{Heap before GC invocations=6 (full 1):
 PSYoungGen      total 71680K, used 5088K [0x00000000d5580000, 0x00000000da080000, 0x0000000100000000)
  eden space 66560K, 0% used [0x00000000d5580000,0x00000000d5580000,0x00000000d9680000)
  from space 5120K, 99% used [0x00000000d9680000,0x00000000d9b78030,0x00000000d9b80000)
  to   space 5120K, 0% used [0x00000000d9b80000,0x00000000d9b80000,0x00000000da080000)
 ParOldGen       total 87552K, used 10490K [0x0000000080000000, 0x0000000085580000, 0x00000000d5580000)
  object space 87552K, 11% used [0x0000000080000000,0x0000000080a3e9d8,0x0000000085580000)
 Metaspace       used 20662K, capacity 21126K, committed 21296K, reserved 1067008K
  class space    used 2903K, capacity 3091K, committed 3200K, reserved 1048576K
Event: 3.836 GC heap after
Heap after GC invocations=6 (full 1):
 PSYoungGen      total 71680K, used 0K [0x00000000d5580000, 0x00000000da080000, 0x0000000100000000)
  eden space 66560K, 0% used [0x00000000d5580000,0x00000000d5580000,0x00000000d9680000)
  from space 5120K, 0% used [0x00000000d9680000,0x00000000d9680000,0x00000000d9b80000)
  to   space 5120K, 0% used [0x00000000d9b80000,0x00000000d9b80000,0x00000000da080000)
 ParOldGen       total 62976K, used 10299K [0x0000000080000000, 0x0000000083d80000, 0x00000000d5580000)
  object space 62976K, 16% used [0x0000000080000000,0x0000000080a0eda8,0x0000000083d80000)
 Metaspace       used 20662K, capacity 21126K, committed 21296K, reserved 1067008K
  class space    used 2903K, capacity 3091K, committed 3200K, reserved 1048576K
}
Event: 4.739 GC heap before
{Heap before GC invocations=7 (full 1):
 PSYoungGen      total 71680K, used 66560K [0x00000000d5580000, 0x00000000da080000, 0x0000000100000000)
  eden space 66560K, 100% used [0x00000000d5580000,0x00000000d9680000,0x00000000d9680000)
  from space 5120K, 0% used [0x00000000d9680000,0x00000000d9680000,0x00000000d9b80000)
  to   space 5120K, 0% used [0x00000000d9b80000,0x00000000d9b80000,0x00000000da080000)
 ParOldGen       total 62976K, used 10299K [0x0000000080000000, 0x0000000083d80000, 0x00000000d5580000)
  object space 62976K, 16% used [0x0000000080000000,0x0000000080a0eda8,0x0000000083d80000)
 Metaspace       used 28878K, capacity 29408K, committed 29696K, reserved 1075200K
  class space    used 3881K, capacity 4072K, committed 4096K, reserved 1048576K
Event: 4.751 GC heap after
Heap after GC invocations=7 (full 1):
 PSYoungGen      total 65024K, used 5109K [0x00000000d5580000, 0x00000000dd380000, 0x0000000100000000)
  eden space 59904K, 0% used [0x00000000d5580000,0x00000000d5580000,0x00000000d9000000)
  from space 5120K, 99% used [0x00000000d9b80000,0x00000000da07d7a0,0x00000000da080000)
  to   space 11776K, 0% used [0x00000000d9000000,0x00000000d9000000,0x00000000d9b80000)
 ParOldGen       total 62976K, used 13203K [0x0000000080000000, 0x0000000083d80000, 0x00000000d5580000)
  object space 62976K, 20% used [0x0000000080000000,0x0000000080ce4f98,0x0000000083d80000)
 Metaspace       used 28878K, capacity 29408K, committed 29696K, reserved 1075200K
  class space    used 3881K, capacity 4072K, committed 4096K, reserved 1048576K
}
Event: 5.442 GC heap before
{Heap before GC invocations=8 (full 1):
 PSYoungGen      total 65024K, used 65013K [0x00000000d5580000, 0x00000000dd380000, 0x0000000100000000)
  eden space 59904K, 100% used [0x00000000d5580000,0x00000000d9000000,0x00000000d9000000)
  from space 5120K, 99% used [0x00000000d9b80000,0x00000000da07d7a0,0x00000000da080000)
  to   space 11776K, 0% used [0x00000000d9000000,0x00000000d9000000,0x00000000d9b80000)
 ParOldGen       total 62976K, used 13203K [0x0000000080000000, 0x0000000083d80000, 0x00000000d5580000)
  object space 62976K, 20% used [0x0000000080000000,0x0000000080ce4f98,0x0000000083d80000)
 Metaspace       used 31574K, capacity 32124K, committed 32256K, reserved 1077248K
  class space    used 4356K, capacity 4526K, committed 4608K, reserved 1048576K
Event: 5.457 GC heap after
Heap after GC invocations=8 (full 1):
 PSYoungGen      total 71680K, used 7979K [0x00000000d5580000, 0x00000000dc880000, 0x0000000100000000)
  eden space 59904K, 0% used [0x00000000d5580000,0x00000000d5580000,0x00000000d9000000)
  from space 11776K, 67% used [0x00000000d9000000,0x00000000d97cae40,0x00000000d9b80000)
  to   space 11264K, 0% used [0x00000000dbd80000,0x00000000dbd80000,0x00000000dc880000)
 ParOldGen       total 62976K, used 13211K [0x0000000080000000, 0x0000000083d80000, 0x00000000d5580000)
  object space 62976K, 20% used [0x0000000080000000,0x0000000080ce6f98,0x0000000083d80000)
 Metaspace       used 31574K, capacity 32124K, committed 32256K, reserved 1077248K
  class space    used 4356K, capacity 4526K, committed 4608K, reserved 1048576K
}
Event: 6.617 GC heap before
{Heap before GC invocations=9 (full 1):
 PSYoungGen      total 71680K, used 63612K [0x00000000d5580000, 0x00000000dc880000, 0x0000000100000000)
  eden space 59904K, 92% used [0x00000000d5580000,0x00000000d8bd4260,0x00000000d9000000)
  from space 11776K, 67% used [0x00000000d9000000,0x00000000d97cae40,0x00000000d9b80000)
  to   space 11264K, 0% used [0x00000000dbd80000,0x00000000dbd80000,0x00000000dc880000)
 ParOldGen       total 62976K, used 13211K [0x0000000080000000, 0x0000000083d80000, 0x00000000d5580000)
  object space 62976K, 20% used [0x0000000080000000,0x0000000080ce6f98,0x0000000083d80000)
 Metaspace       used 34801K, capacity 35436K, committed 35496K, reserved 1079296K
  class space    used 4805K, capacity 4997K, committed 5032K, reserved 1048576K
Event: 6.638 GC heap after
Heap after GC invocations=9 (full 1):
 PSYoungGen      total 104960K, used 11237K [0x00000000d5580000, 0x00000000dcb80000, 0x0000000100000000)
  eden space 93696K, 0% used [0x00000000d5580000,0x00000000d5580000,0x00000000db100000)
  from space 11264K, 99% used [0x00000000dbd80000,0x00000000dc8796c8,0x00000000dc880000)
  to   space 12800K, 0% used [0x00000000db100000,0x00000000db100000,0x00000000dbd80000)
 ParOldGen       total 62976K, used 13403K [0x0000000080000000, 0x0000000083d80000, 0x00000000d5580000)
  object space 62976K, 21% used [0x0000000080000000,0x0000000080d16cf8,0x0000000083d80000)
 Metaspace       used 34801K, capacity 35436K, committed 35496K, reserved 1079296K
  class space    used 4805K, capacity 4997K, committed 5032K, reserved 1048576K
}
Event: 6.638 GC heap before
{Heap before GC invocations=10 (full 2):
 PSYoungGen      total 104960K, used 11237K [0x00000000d5580000, 0x00000000dcb80000, 0x0000000100000000)
  eden space 93696K, 0% used [0x00000000d5580000,0x00000000d5580000,0x00000000db100000)
  from space 11264K, 99% used [0x00000000dbd80000,0x00000000dc8796c8,0x00000000dc880000)
  to   space 12800K, 0% used [0x00000000db100000,0x00000000db100000,0x00000000dbd80000)
 ParOldGen       total 62976K, used 13403K [0x0000000080000000, 0x0000000083d80000, 0x00000000d5580000)
  object space 62976K, 21% used [0x0000000080000000,0x0000000080d16cf8,0x0000000083d80000)
 Metaspace       used 34801K, capacity 35436K, committed 35496K, reserved 1079296K
  class space    used 4805K, capacity 4997K, committed 5032K, reserved 1048576K
Event: 6.742 GC heap after
Heap after GC invocations=10 (full 2):
 PSYoungGen      total 104960K, used 0K [0x00000000d5580000, 0x00000000dcb80000, 0x0000000100000000)
  eden space 93696K, 0% used [0x00000000d5580000,0x00000000d5580000,0x00000000db100000)
  from space 11264K, 0% used [0x00000000dbd80000,0x00000000dbd80000,0x00000000dc880000)
  to   space 12800K, 0% used [0x00000000db100000,0x00000000db100000,0x00000000dbd80000)
 ParOldGen       total 97280K, used 18315K [0x0000000080000000, 0x0000000085f00000, 0x00000000d5580000)
  object space 97280K, 18% used [0x0000000080000000,0x00000000811e2cf8,0x0000000085f00000)
 Metaspace       used 34799K, capacity 35430K, committed 35496K, reserved 1079296K
  class space    used 4805K, capacity 4996K, committed 5032K, reserved 1048576K
}

Deoptimization events (10 events):
Event: 4.777 Thread 0x000000001a3aa000 Uncommon trap: reason=unstable_if action=reinterpret pc=0x00000000028f335c method=java.io.WinNTFileSystem.resolve(Ljava/lang/String;Ljava/lang/String;)Ljava/lang/String; @ 49
Event: 4.814 Thread 0x000000001a3aa000 Uncommon trap: reason=unstable_if action=reinterpret pc=0x0000000002e9deac method=org.codehaus.groovy.runtime.metaclass.MetaMethodIndex.addMethodToList(Ljava/lang/Object;Lgroovy/lang/MetaMethod;)Ljava/lang/Object; @ 226
Event: 5.355 Thread 0x000000001a3aa000 Uncommon trap: reason=unstable_if action=reinterpret pc=0x0000000002e75090 method=java.net.URI.match(CJJ)Z @ 45
Event: 6.040 Thread 0x000000001e75a000 Uncommon trap: reason=unstable_if action=reinterpret pc=0x0000000002bc0d8c method=java.util.concurrent.ConcurrentHashMap.putVal(Ljava/lang/Object;Ljava/lang/Object;Z)Ljava/lang/Object; @ 98
Event: 6.124 Thread 0x000000001e755800 Uncommon trap: reason=unstable_if action=reinterpret pc=0x0000000002f8e8d8 method=java.util.concurrent.ConcurrentHashMap.get(Ljava/lang/Object;)Ljava/lang/Object; @ 86
Event: 6.124 Thread 0x000000001e755800 Uncommon trap: reason=unstable_if action=reinterpret pc=0x0000000002acab00 method=java.util.concurrent.ConcurrentHashMap.addCount(JI)V @ 168
Event: 6.586 Thread 0x000000001a3aa000 Uncommon trap: reason=unstable_if action=reinterpret pc=0x0000000002e94810 method=java.util.regex.Pattern.has(I)Z @ 6
Event: 6.789 Thread 0x000000001a3aa000 Uncommon trap: reason=predicate action=maybe_recompile pc=0x0000000002ecfa4c method=java.util.Arrays.binarySearch0([Ljava/lang/Object;IILjava/lang/Object;Ljava/util/Comparator;)I @ 28
Event: 6.839 Thread 0x000000001a3aa000 Uncommon trap: reason=unstable_if action=reinterpret pc=0x0000000002ad99b8 method=java.security.CodeSource.hashCode()I @ 4
Event: 6.839 Thread 0x000000001a3aa000 Uncommon trap: reason=unstable_if action=reinterpret pc=0x0000000003022cc8 method=java.security.CodeSource.hashCode()I @ 4

Classes redefined (0 events):
No events

Internal exceptions (10 events):
Event: 6.456 Thread 0x000000001a3aa000 Exception <a 'java/lang/ClassNotFoundException': org/gradle/api/internal/ConventionTaskCustomizer> (0x00000000d82e81c8) thrown at [D:\src\AOSP-openjdk-cygwin\jdk8u\hotspot\src\share\vm\classfile\systemDictionary.cpp, line 210]
Event: 6.457 Thread 0x000000001a3aa000 Exception <a 'java/lang/ClassNotFoundException': org/gradle/api/tasks/DeleteCustomizer> (0x00000000d8323eb0) thrown at [D:\src\AOSP-openjdk-cygwin\jdk8u\hotspot\src\share\vm\classfile\systemDictionary.cpp, line 210]
Event: 6.458 Thread 0x000000001a3aa000 Exception <a 'java/lang/ClassNotFoundException': org/gradle/api/tasks/Delete_DecoratedCustomizer> (0x00000000d836cc18) thrown at [D:\src\AOSP-openjdk-cygwin\jdk8u\hotspot\src\share\vm\classfile\systemDictionary.cpp, line 210]
Event: 6.492 Thread 0x000000001a3aa000 Exception <a 'java/lang/ClassNotFoundException': build_4v6lpt5copmsb1vd27ng8gmcvBeanInfo> (0x00000000d84640f0) thrown at [D:\src\AOSP-openjdk-cygwin\jdk8u\hotspot\src\share\vm\classfile\systemDictionary.cpp, line 210]
Event: 6.493 Thread 0x000000001a3aa000 Exception <a 'java/lang/ClassNotFoundException': build_4v6lpt5copmsb1vd27ng8gmcvCustomizer> (0x00000000d846f348) thrown at [D:\src\AOSP-openjdk-cygwin\jdk8u\hotspot\src\share\vm\classfile\systemDictionary.cpp, line 210]
Event: 6.499 Thread 0x000000001a3aa000 Exception <a 'java/lang/ClassNotFoundException': org/gradle/api/internal/plugins/DefaultObjectConfigurationActionBeanInfo> (0x00000000d84df310) thrown at [D:\src\AOSP-openjdk-cygwin\jdk8u\hotspot\src\share\vm\classfile\systemDictionary.cpp, line 210]
Event: 6.500 Thread 0x000000001a3aa000 Exception <a 'java/lang/ClassNotFoundException': org/gradle/api/internal/plugins/DefaultObjectConfigurationActionCustomizer> (0x00000000d851cc48) thrown at [D:\src\AOSP-openjdk-cygwin\jdk8u\hotspot\src\share\vm\classfile\systemDictionary.cpp, line 210]
Event: 6.838 Thread 0x000000001a3aa000 Implicit null exception at 0x0000000002ad79ff to 0x0000000002ad9961
Event: 6.839 Thread 0x000000001a3aa000 Implicit null exception at 0x00000000030229d5 to 0x0000000003022cb9
Event: 7.147 Thread 0x000000001a3aa000 Exception <a 'sun/nio/fs/WindowsException'> (0x00000000d6bd7f78) thrown at [D:\src\AOSP-openjdk-cygwin\jdk8u\hotspot\src\share\vm\prims\jni.cpp, line 709]

Events (10 events):
Event: 7.238 loading class org/gradle/api/internal/ExecuteDomainObjectCollectionCallbackBuildOperationType$1
Event: 7.238 loading class org/gradle/api/internal/ExecuteDomainObjectCollectionCallbackBuildOperationType$1 done
Event: 7.238 loading class org/gradle/api/plugins/BasePlugin$3$1
Event: 7.238 loading class org/gradle/api/plugins/BasePlugin$3$1 done
Event: 7.239 loading class org/gradle/api/plugins/BasePlugin$4
Event: 7.239 loading class org/gradle/api/plugins/BasePlugin$4 done
Event: 7.241 loading class org/gradle/api/plugins/ReportingBasePlugin
Event: 7.241 loading class org/gradle/api/plugins/ReportingBasePlugin done
Event: 7.243 loading class org/gradle/api/reporting/ReportingExtension
Event: 7.243 loading class org/gradle/api/reporting/ReportingExtension done


Dynamic libraries:
0x00007ff726380000 - 0x00007ff7263b1000 	D:\Program Files\Android\Android Studio\jre\bin\java.exe
0x00007ffa28870000 - 0x00007ffa28a5d000 	C:\WINDOWS\SYSTEM32\ntdll.dll
0x00007ffa28310000 - 0x00007ffa283c3000 	C:\WINDOWS\System32\KERNEL32.DLL
0x00007ffa24e30000 - 0x00007ffa250c3000 	C:\WINDOWS\System32\KERNELBASE.dll
0x00007ffa26420000 - 0x00007ffa264c3000 	C:\WINDOWS\System32\ADVAPI32.dll
0x00007ffa25c80000 - 0x00007ffa25d1e000 	C:\WINDOWS\System32\msvcrt.dll
0x00007ffa25d90000 - 0x00007ffa25e2e000 	C:\WINDOWS\System32\sechost.dll
0x00007ffa25aa0000 - 0x00007ffa25bc2000 	C:\WINDOWS\System32\RPCRT4.dll
0x00007ffa283d0000 - 0x00007ffa28567000 	C:\WINDOWS\System32\USER32.dll
0x00007ffa25100000 - 0x00007ffa25120000 	C:\WINDOWS\System32\win32u.dll
0x00007ffa263e0000 - 0x00007ffa26409000 	C:\WINDOWS\System32\GDI32.dll
0x00007ffa24940000 - 0x00007ffa24ad9000 	C:\WINDOWS\System32\gdi32full.dll
0x00007ffa24d90000 - 0x00007ffa24e30000 	C:\WINDOWS\System32\msvcp_win.dll
0x00007ffa24b90000 - 0x00007ffa24c8a000 	C:\WINDOWS\System32\ucrtbase.dll
0x00007ffa0bdf0000 - 0x00007ffa0c069000 	C:\WINDOWS\WinSxS\amd64_microsoft.windows.common-controls_6595b64144ccf1df_6.0.17763.615_none_05b4414a072024d4\COMCTL32.dll
0x00007ffa27fe0000 - 0x00007ffa2830c000 	C:\WINDOWS\System32\combase.dll
0x00007ffa24cb0000 - 0x00007ffa24d2e000 	C:\WINDOWS\System32\bcryptPrimitives.dll
0x00007ffa28580000 - 0x00007ffa285ae000 	C:\WINDOWS\System32\IMM32.DLL
0x0000000050730000 - 0x0000000050802000 	D:\Program Files\Android\Android Studio\jre\jre\bin\msvcr100.dll
0x0000000075540000 - 0x0000000075d81000 	D:\Program Files\Android\Android Studio\jre\jre\bin\server\jvm.dll
0x00007ffa28570000 - 0x00007ffa28578000 	C:\WINDOWS\System32\PSAPI.DLL
0x00007ffa0aa30000 - 0x00007ffa0aa39000 	C:\WINDOWS\SYSTEM32\WSOCK32.dll
0x00007ffa1d140000 - 0x00007ffa1d164000 	C:\WINDOWS\SYSTEM32\WINMM.dll
0x00007ffa1e940000 - 0x00007ffa1e94a000 	C:\WINDOWS\SYSTEM32\VERSION.dll
0x00007ffa26370000 - 0x00007ffa263dd000 	C:\WINDOWS\System32\WS2_32.dll
0x00007ffa1d060000 - 0x00007ffa1d08d000 	C:\WINDOWS\SYSTEM32\winmmbase.dll
0x00007ffa25120000 - 0x00007ffa2516a000 	C:\WINDOWS\System32\cfgmgr32.dll
0x00007ffa1c9f0000 - 0x00007ffa1c9ff000 	D:\Program Files\Android\Android Studio\jre\jre\bin\verify.dll
0x00007ffa15b20000 - 0x00007ffa15b49000 	D:\Program Files\Android\Android Studio\jre\jre\bin\java.dll
0x00007ffa1c800000 - 0x00007ffa1c816000 	D:\Program Files\Android\Android Studio\jre\jre\bin\zip.dll
0x00007ffa266a0000 - 0x00007ffa27b90000 	C:\WINDOWS\System32\SHELL32.dll
0x00007ffa25bd0000 - 0x00007ffa25c78000 	C:\WINDOWS\System32\shcore.dll
0x00007ffa25170000 - 0x00007ffa258ba000 	C:\WINDOWS\System32\windows.storage.dll
0x00007ffa24870000 - 0x00007ffa24894000 	C:\WINDOWS\System32\profapi.dll
0x00007ffa248c0000 - 0x00007ffa2491d000 	C:\WINDOWS\System32\powrprof.dll
0x00007ffa25e90000 - 0x00007ffa25ee2000 	C:\WINDOWS\System32\shlwapi.dll
0x00007ffa24920000 - 0x00007ffa24931000 	C:\WINDOWS\System32\kernel.appcore.dll
0x00007ffa24c90000 - 0x00007ffa24ca7000 	C:\WINDOWS\System32\cryptsp.dll
0x00007ffa159f0000 - 0x00007ffa15a0a000 	D:\Program Files\Android\Android Studio\jre\jre\bin\net.dll
0x00007ffa24080000 - 0x00007ffa240e7000 	C:\WINDOWS\system32\mswsock.dll
0x00007ffa157f0000 - 0x00007ffa15801000 	D:\Program Files\Android\Android Studio\jre\jre\bin\nio.dll
0x00007ffa20b00000 - 0x00007ffa20b1e000 	C:\Users\ΐρκΰπ\.gradle\native\25\windows-amd64\native-platform.dll
0x00007ffa1c910000 - 0x00007ffa1c91d000 	D:\Program Files\Android\Android Studio\jre\jre\bin\management.dll
0x00007ffa23c40000 - 0x00007ffa23c73000 	C:\WINDOWS\system32\rsaenh.dll
0x00007ffa250d0000 - 0x00007ffa250f6000 	C:\WINDOWS\System32\bcrypt.dll
0x00007ffa24770000 - 0x00007ffa24798000 	C:\WINDOWS\SYSTEM32\USERENV.dll
0x00007ffa24250000 - 0x00007ffa2425c000 	C:\WINDOWS\SYSTEM32\CRYPTBASE.dll
0x00007ffa23de0000 - 0x00007ffa23e1d000 	C:\WINDOWS\SYSTEM32\IPHLPAPI.DLL
0x00007ffa26410000 - 0x00007ffa26418000 	C:\WINDOWS\System32\NSI.dll
0x00007ffa1f0d0000 - 0x00007ffa1f0e6000 	C:\WINDOWS\SYSTEM32\dhcpcsvc6.DLL
0x00007ffa1f0b0000 - 0x00007ffa1f0cc000 	C:\WINDOWS\SYSTEM32\dhcpcsvc.DLL
0x00007ffa23e20000 - 0x00007ffa23ee6000 	C:\WINDOWS\SYSTEM32\DNSAPI.dll

VM Arguments:
jvm_args: -Xmx2048m -Dfile.encoding=windows-1251 -Duser.country=RU -Duser.language=ru -Duser.variant 
java_command: org.gradle.launcher.daemon.bootstrap.GradleDaemon 5.1.1
java_class_path (initial): C:\Users\ΐρκΰπ\.gradle\wrapper\dists\gradle-5.1.1-all\97z1ksx6lirer3kbvdnh7jtjg\gradle-5.1.1\lib\gradle-launcher-5.1.1.jar
Launcher Type: SUN_STANDARD

Environment Variables:
CLASSPATH=C:\MyJava
PATH=C:\Program Files (x86)\NVIDIA Corporation\PhysX\Common;c:\program files (x86)\common files\oracle\java\javapath;c:\program files\microsoft hpc pack 2008 sdk\bin\;c:\windows\system32;c:\windows;c:\windows\system32\wbem;c:\windows\system32\windowspowershell\v1.0\;c:\program files\microsoft sql server\client sdk\odbc\130\tools\binn\;c:\program files (x86)\microsoft sql server\140\tools\binn\;c:\program files\microsoft sql server\140\tools\binn\;c:\program files\microsoft sql server\140\dts\binn\;c:\program files (x86)\microsoft sql server\client sdk\odbc\130\tools\binn\;c:\program files (x86)\microsoft sql server\140\dts\binn\;c:\program files (x86)\microsoft sql server\140\tools\binn\managementstudio\;c:\program files\dotnet\;c:\program files\microsoft sql server\130\tools\binn\;c:\windows\system32\openssh\;c:\program files (x86)\microsoft sql server\110\dts\binn\;c:\program files (x86)\microsoft sql server\120\dts\binn\;c:\program files (x86)\microsoft sql server\130\dts\binn\;c:\program files (x86)\microsoft sql server\150\dts\binn\;c:\programdata\chocolatey\bin;c:\program files\java\jdk-11.0.2\bin\;C:\Program Files (x86)\MySQL\MySQL Utilities 1.4\;C:\Program Files (x86)\MySQL\MySQL Utilities 1.4\Doctrine extensions for PHP\;d:\Program Files\Git\cmd;C:\Users\ΐρκΰπ\AppData\Local\Microsoft\WindowsApps;C:\Program Files\JetBrains\IntelliJ IDEA 2018.3.5\bin;;C:\Program Files\Java\jdk-11.0.2\bin
USERNAME=ΐρκΰπ
OS=Windows_NT
PROCESSOR_IDENTIFIER=Intel64 Family 6 Model 23 Stepping 6, GenuineIntel



---------------  S Y S T E M  ---------------

OS: Windows 10.0 , 64 bit Build 17763 (10.0.17763.475)

CPU:total 4 (initial active 4) (4 cores per cpu, 1 threads per core) family 6 model 23 stepping 6, cmov, cx8, fxsr, mmx, sse, sse2, sse3, ssse3, sse4.1, tsc

Memory: 4k page, physical 8387052k(586460k free), swap 16579052k(3120k free)

vm_info: OpenJDK 64-Bit Server VM (25.152-b01) for windows-amd64 JRE (1.8.0_152-release-1343-b01), built by "builder" with MS VC++ 10.0 (VS2010)

time: Wed Jul 31 15:26:00 2019
elapsed time: 7 seconds (0d 0h 0m 7s)

